Starting Dapr with id checkout-sdk. HTTP Port: 43981. gRPC Port: 34443
Checking if Dapr sidecar is listening on HTTP port 43981
Flag --dapr-http-max-request-size has been deprecated, use '--max-body-size 4Mi'
Flag --dapr-http-read-buffer-size has been deprecated, use '--read-buffer-size 4Ki'
time="2024-10-11T15:42:17.716324376-07:00" level=info msg="Starting Dapr Runtime -- version 1.14.4 -- commit 583960dc90120616124b60ad2b7820fc0b3edf44" app_id=checkout-sdk instance=marcel-arm64 scope=dapr.runtime type=log ver=1.14.4
time="2024-10-11T15:42:17.716429889-07:00" level=info msg="Log level set to: info" app_id=checkout-sdk instance=marcel-arm64 scope=dapr.runtime type=log ver=1.14.4
time="2024-10-11T15:42:17.716914649-07:00" level=warning msg="mTLS is disabled. Skipping certificate request and tls validation" app_id=checkout-sdk instance=marcel-arm64 scope=dapr.runtime.security type=log ver=1.14.4
time="2024-10-11T15:42:17.717541726-07:00" level=info msg="metric spec: {0x40010f6099 <nil> <nil> []}" app_id=checkout-sdk instance=marcel-arm64 scope=dapr.runtime.diagnostics type=log ver=1.14.4
time="2024-10-11T15:42:17.717632938-07:00" level=info msg="Using default latency distribution buckets: [1 2 3 4 5 6 8 10 13 16 20 25 30 40 50 65 80 100 130 160 200 250 300 400 500 650 800 1000 2000 5000 10000 20000 50000 100000]" app_id=checkout-sdk instance=marcel-arm64 scope=dapr.runtime.diagnostics type=log ver=1.14.4
time="2024-10-11T15:42:17.717934375-07:00" level=warning msg="The default value for 'spec.metric.http.increasedCardinality' will change to 'false' in Dapr 1.15 or later" app_id=checkout-sdk instance=marcel-arm64 scope=dapr.runtime.diagnostics type=log ver=1.14.4
time="2024-10-11T15:42:17.719038411-07:00" level=info msg="standalone mode configured" app_id=checkout-sdk instance=marcel-arm64 scope=dapr.runtime type=log ver=1.14.4
time="2024-10-11T15:42:17.719143824-07:00" level=info msg="app id: checkout-sdk" app_id=checkout-sdk instance=marcel-arm64 scope=dapr.runtime type=log ver=1.14.4
time="2024-10-11T15:42:17.719149725-07:00" level=info msg="metrics server started on :42415/" app_id=checkout-sdk instance=marcel-arm64 scope=dapr.runtime type=log ver=1.14.4
time="2024-10-11T15:42:17.719230735-07:00" level=info msg="Dapr trace sampler initialized: ParentBased{root:AlwaysOnSampler,remoteParentSampled:AlwaysOnSampler,remoteParentNotSampled:AlwaysOffSampler,localParentSampled:AlwaysOnSampler,localParentNotSampled:AlwaysOffSampler}" app_id=checkout-sdk instance=marcel-arm64 scope=dapr.runtime type=log ver=1.14.4
time="2024-10-11T15:42:17.719736798-07:00" level=info msg="local service entry announced: checkout-sdk -> 192.168.242.25:36203" app_id=checkout-sdk component="nr (mdns/v1)" instance=marcel-arm64 scope=dapr.contrib type=log ver=1.14.4
time="2024-10-11T15:42:17.719795005-07:00" level=info msg="Initialized name resolution to mdns" app_id=checkout-sdk instance=marcel-arm64 scope=dapr.runtime type=log ver=1.14.4
time="2024-10-11T15:42:17.719851912-07:00" level=info msg="Loading components…" app_id=checkout-sdk instance=marcel-arm64 scope=dapr.runtime type=log ver=1.14.4
time="2024-10-11T15:42:17.720538497-07:00" level=info msg="Waiting for all outstanding components to be processed…" app_id=checkout-sdk instance=marcel-arm64 scope=dapr.runtime type=log ver=1.14.4
time="2024-10-11T15:42:17.725453004-07:00" level=info msg="Component loaded: orderpubsub (pubsub.redis/v1)" app_id=checkout-sdk instance=marcel-arm64 scope=dapr.runtime.processor type=log ver=1.14.4
time="2024-10-11T15:42:17.725539715-07:00" level=info msg="All outstanding components processed" app_id=checkout-sdk instance=marcel-arm64 scope=dapr.runtime type=log ver=1.14.4
time="2024-10-11T15:42:17.725571719-07:00" level=info msg="Loading endpoints…" app_id=checkout-sdk instance=marcel-arm64 scope=dapr.runtime type=log ver=1.14.4
time="2024-10-11T15:42:17.725841452-07:00" level=info msg="Waiting for all outstanding http endpoints to be processed…" app_id=checkout-sdk instance=marcel-arm64 scope=dapr.runtime type=log ver=1.14.4
time="2024-10-11T15:42:17.725929263-07:00" level=info msg="All outstanding http endpoints processed" app_id=checkout-sdk instance=marcel-arm64 scope=dapr.runtime type=log ver=1.14.4
time="2024-10-11T15:42:17.725973769-07:00" level=info msg="Loading Declarative Subscriptions…" app_id=checkout-sdk instance=marcel-arm64 scope=dapr.runtime type=log ver=1.14.4
time="2024-10-11T15:42:17.726293708-07:00" level=warning msg="App channel is not initialized. Did you configure an app-port?" app_id=checkout-sdk instance=marcel-arm64 scope=dapr.runtime.channels type=log ver=1.14.4
time="2024-10-11T15:42:17.726411023-07:00" level=info msg="gRPC server listening on TCP address: :34443" app_id=checkout-sdk instance=marcel-arm64 scope=dapr.runtime.grpc.api type=log ver=1.14.4
time="2024-10-11T15:42:17.726431925-07:00" level=info msg="Enabled gRPC tracing middleware" app_id=checkout-sdk instance=marcel-arm64 scope=dapr.runtime.grpc.api type=log ver=1.14.4
time="2024-10-11T15:42:17.726440726-07:00" level=info msg="Enabled gRPC metrics middleware" app_id=checkout-sdk instance=marcel-arm64 scope=dapr.runtime.grpc.api type=log ver=1.14.4
time="2024-10-11T15:42:17.726570642-07:00" level=info msg="Registering workflow engine for gRPC endpoint: [::]:34443" app_id=checkout-sdk instance=marcel-arm64 scope=dapr.runtime.grpc.api type=log ver=1.14.4
time="2024-10-11T15:42:17.726735463-07:00" level=info msg="API gRPC server is running on port 34443" app_id=checkout-sdk instance=marcel-arm64 scope=dapr.runtime type=log ver=1.14.4
time="2024-10-11T15:42:17.726779968-07:00" level=warning msg="The default value for 'spec.metric.http.increasedCardinality' will change to 'false' in Dapr 1.15 or later" app_id=checkout-sdk instance=marcel-arm64 scope=dapr.runtime.http type=log ver=1.14.4
time="2024-10-11T15:42:17.726848177-07:00" level=info msg="Enabled max body size HTTP middleware with size 4194304 bytes" app_id=checkout-sdk instance=marcel-arm64 scope=dapr.runtime.http type=log ver=1.14.4
time="2024-10-11T15:42:17.726864379-07:00" level=info msg="Enabled tracing HTTP middleware" app_id=checkout-sdk instance=marcel-arm64 scope=dapr.runtime.http type=log ver=1.14.4
time="2024-10-11T15:42:17.72687338-07:00" level=info msg="Enabled metrics HTTP middleware" app_id=checkout-sdk instance=marcel-arm64 scope=dapr.runtime.http type=log ver=1.14.4
time="2024-10-11T15:42:17.727221623-07:00" level=info msg="HTTP server listening on TCP address: :43981" app_id=checkout-sdk instance=marcel-arm64 scope=dapr.runtime.http type=log ver=1.14.4
time="2024-10-11T15:42:17.727294132-07:00" level=info msg="HTTP server is running on port 43981" app_id=checkout-sdk instance=marcel-arm64 scope=dapr.runtime type=log ver=1.14.4
time="2024-10-11T15:42:17.727303933-07:00" level=info msg="The request body size parameter is: 4194304 bytes" app_id=checkout-sdk instance=marcel-arm64 scope=dapr.runtime type=log ver=1.14.4
time="2024-10-11T15:42:17.727330936-07:00" level=info msg="gRPC server listening on TCP address: :36203" app_id=checkout-sdk instance=marcel-arm64 scope=dapr.runtime.grpc.internal type=log ver=1.14.4
time="2024-10-11T15:42:17.727342538-07:00" level=info msg="Enabled gRPC tracing middleware" app_id=checkout-sdk instance=marcel-arm64 scope=dapr.runtime.grpc.internal type=log ver=1.14.4
time="2024-10-11T15:42:17.72735984-07:00" level=info msg="Enabled gRPC metrics middleware" app_id=checkout-sdk instance=marcel-arm64 scope=dapr.runtime.grpc.internal type=log ver=1.14.4
time="2024-10-11T15:42:17.727399145-07:00" level=info msg="Internal gRPC server is running on :36203" app_id=checkout-sdk instance=marcel-arm64 scope=dapr.runtime type=log ver=1.14.4
time="2024-10-11T15:42:17.727487756-07:00" level=info msg="actors: state store is not configured - this is okay for clients but services with hosted actors will fail to initialize!" app_id=checkout-sdk instance=marcel-arm64 scope=dapr.runtime type=log ver=1.14.4
time="2024-10-11T15:42:17.727535962-07:00" level=info msg="Configuring actors placement provider 'placement'. Configuration: 'placement:localhost:50005'" app_id=checkout-sdk instance=marcel-arm64 scope=dapr.runtime.actor type=log ver=1.14.4
time="2024-10-11T15:42:17.727573166-07:00" level=info msg="Configuring actor reminders provider 'default'. Configuration: ''" app_id=checkout-sdk instance=marcel-arm64 scope=dapr.runtime.actor type=log ver=1.14.4
time="2024-10-11T15:42:17.727621872-07:00" level=info msg="Actor runtime started. Idle timeout: 1h0m0s" app_id=checkout-sdk instance=marcel-arm64 scope=dapr.runtime.actor type=log ver=1.14.4
time="2024-10-11T15:42:17.727641175-07:00" level=info msg="Configuring workflow engine with actors backend" app_id=checkout-sdk instance=marcel-arm64 scope=dapr.runtime type=log ver=1.14.4
time="2024-10-11T15:42:17.727652576-07:00" level=info msg="Registering component for dapr workflow engine..." app_id=checkout-sdk instance=marcel-arm64 scope=dapr.runtime type=log ver=1.14.4
time="2024-10-11T15:42:17.727674879-07:00" level=info msg="Initializing Dapr workflow component" app_id=checkout-sdk component="dapr (workflow.dapr/v1)" instance=marcel-arm64 scope=dapr.contrib type=log ver=1.14.4
time="2024-10-11T15:42:17.727691281-07:00" level=info msg="Workflow engine initialized." app_id=checkout-sdk instance=marcel-arm64 scope=dapr.runtime type=log ver=1.14.4
time="2024-10-11T15:42:17.727705583-07:00" level=info msg="dapr initialized. Status: Running. Init Elapsed 8ms" app_id=checkout-sdk instance=marcel-arm64 scope=dapr.runtime type=log ver=1.14.4
time="2024-10-11T15:42:17.795931316-07:00" level=info msg="Placement tables updated, version: 0" app_id=checkout-sdk instance=marcel-arm64 scope=dapr.runtime.actors.placement type=log ver=1.14.4
Checking if Dapr sidecar is listening on GRPC port 34443
Dapr sidecar is up and running.
Updating metadata for cliPID: 45001
Updating metadata for app command: go run .
Updating metadata for appPID: 45186
You're up and running! Dapr logs will appear here.

time="2024-10-11T15:42:24.788384882-07:00" level=info msg="Received signal 'interrupt'; beginning shutdown" app_id=checkout-sdk instance=marcel-arm64 scope=dapr.signals type=log ver=1.14.4

termination signal received: shutting down
Exited Dapr successfully
Exited App successfully
