Starting Dapr with id checkout-sdk. HTTP Port: 39417. gRPC Port: 36055
Checking if Dapr sidecar is listening on HTTP port 39417
Flag --dapr-http-max-request-size has been deprecated, use '--max-body-size 4Mi'
Flag --dapr-http-read-buffer-size has been deprecated, use '--read-buffer-size 4Ki'
time="2024-10-11T16:12:50.107389597-07:00" level=info msg="Starting Dapr Runtime -- version 1.14.4 -- commit 583960dc90120616124b60ad2b7820fc0b3edf44" app_id=checkout-sdk instance=marcel-arm64 scope=dapr.runtime type=log ver=1.14.4
time="2024-10-11T16:12:50.107561115-07:00" level=info msg="Log level set to: info" app_id=checkout-sdk instance=marcel-arm64 scope=dapr.runtime type=log ver=1.14.4
time="2024-10-11T16:12:50.111013975-07:00" level=warning msg="mTLS is disabled. Skipping certificate request and tls validation" app_id=checkout-sdk instance=marcel-arm64 scope=dapr.runtime.security type=log ver=1.14.4
time="2024-10-11T16:12:50.112205199-07:00" level=info msg="metric spec: {0x4000ada649 <nil> <nil> []}" app_id=checkout-sdk instance=marcel-arm64 scope=dapr.runtime.diagnostics type=log ver=1.14.4
time="2024-10-11T16:12:50.112270406-07:00" level=info msg="Using default latency distribution buckets: [1 2 3 4 5 6 8 10 13 16 20 25 30 40 50 65 80 100 130 160 200 250 300 400 500 650 800 1000 2000 5000 10000 20000 50000 100000]" app_id=checkout-sdk instance=marcel-arm64 scope=dapr.runtime.diagnostics type=log ver=1.14.4
time="2024-10-11T16:12:50.11279036-07:00" level=warning msg="The default value for 'spec.metric.http.increasedCardinality' will change to 'false' in Dapr 1.15 or later" app_id=checkout-sdk instance=marcel-arm64 scope=dapr.runtime.diagnostics type=log ver=1.14.4
time="2024-10-11T16:12:50.11480357-07:00" level=info msg="standalone mode configured" app_id=checkout-sdk instance=marcel-arm64 scope=dapr.runtime type=log ver=1.14.4
time="2024-10-11T16:12:50.115089-07:00" level=info msg="app id: checkout-sdk" app_id=checkout-sdk instance=marcel-arm64 scope=dapr.runtime type=log ver=1.14.4
time="2024-10-11T16:12:50.115325924-07:00" level=info msg="Dapr trace sampler initialized: ParentBased{root:AlwaysOnSampler,remoteParentSampled:AlwaysOnSampler,remoteParentNotSampled:AlwaysOffSampler,localParentSampled:AlwaysOnSampler,localParentNotSampled:AlwaysOffSampler}" app_id=checkout-sdk instance=marcel-arm64 scope=dapr.runtime type=log ver=1.14.4
time="2024-10-11T16:12:50.114830973-07:00" level=info msg="metrics server started on :39163/" app_id=checkout-sdk instance=marcel-arm64 scope=dapr.runtime type=log ver=1.14.4
time="2024-10-11T16:12:50.116253221-07:00" level=info msg="local service entry announced: checkout-sdk -> 192.168.242.25:44055" app_id=checkout-sdk component="nr (mdns/v1)" instance=marcel-arm64 scope=dapr.contrib type=log ver=1.14.4
time="2024-10-11T16:12:50.116281624-07:00" level=info msg="Initialized name resolution to mdns" app_id=checkout-sdk instance=marcel-arm64 scope=dapr.runtime type=log ver=1.14.4
time="2024-10-11T16:12:50.116655063-07:00" level=info msg="Loading components…" app_id=checkout-sdk instance=marcel-arm64 scope=dapr.runtime type=log ver=1.14.4
time="2024-10-11T16:12:50.117333633-07:00" level=info msg="Waiting for all outstanding components to be processed…" app_id=checkout-sdk instance=marcel-arm64 scope=dapr.runtime type=log ver=1.14.4
time="2024-10-11T16:12:50.121848604-07:00" level=info msg="Component loaded: orderpubsub (pubsub.redis/v1)" app_id=checkout-sdk instance=marcel-arm64 scope=dapr.runtime.processor type=log ver=1.14.4
time="2024-10-11T16:12:50.121899509-07:00" level=info msg="All outstanding components processed" app_id=checkout-sdk instance=marcel-arm64 scope=dapr.runtime type=log ver=1.14.4
time="2024-10-11T16:12:50.121936613-07:00" level=info msg="Loading endpoints…" app_id=checkout-sdk instance=marcel-arm64 scope=dapr.runtime type=log ver=1.14.4
time="2024-10-11T16:12:50.122171337-07:00" level=info msg="Waiting for all outstanding http endpoints to be processed…" app_id=checkout-sdk instance=marcel-arm64 scope=dapr.runtime type=log ver=1.14.4
time="2024-10-11T16:12:50.122222043-07:00" level=info msg="All outstanding http endpoints processed" app_id=checkout-sdk instance=marcel-arm64 scope=dapr.runtime type=log ver=1.14.4
time="2024-10-11T16:12:50.122262747-07:00" level=info msg="Loading Declarative Subscriptions…" app_id=checkout-sdk instance=marcel-arm64 scope=dapr.runtime type=log ver=1.14.4
time="2024-10-11T16:12:50.122603883-07:00" level=warning msg="App channel is not initialized. Did you configure an app-port?" app_id=checkout-sdk instance=marcel-arm64 scope=dapr.runtime.channels type=log ver=1.14.4
time="2024-10-11T16:12:50.122739297-07:00" level=info msg="gRPC server listening on TCP address: :36055" app_id=checkout-sdk instance=marcel-arm64 scope=dapr.runtime.grpc.api type=log ver=1.14.4
time="2024-10-11T16:12:50.122762499-07:00" level=info msg="Enabled gRPC tracing middleware" app_id=checkout-sdk instance=marcel-arm64 scope=dapr.runtime.grpc.api type=log ver=1.14.4
time="2024-10-11T16:12:50.1227716-07:00" level=info msg="Enabled gRPC metrics middleware" app_id=checkout-sdk instance=marcel-arm64 scope=dapr.runtime.grpc.api type=log ver=1.14.4
time="2024-10-11T16:12:50.122898213-07:00" level=info msg="Registering workflow engine for gRPC endpoint: [::]:36055" app_id=checkout-sdk instance=marcel-arm64 scope=dapr.runtime.grpc.api type=log ver=1.14.4
time="2024-10-11T16:12:50.123018726-07:00" level=info msg="API gRPC server is running on port 36055" app_id=checkout-sdk instance=marcel-arm64 scope=dapr.runtime type=log ver=1.14.4
time="2024-10-11T16:12:50.123085833-07:00" level=warning msg="The default value for 'spec.metric.http.increasedCardinality' will change to 'false' in Dapr 1.15 or later" app_id=checkout-sdk instance=marcel-arm64 scope=dapr.runtime.http type=log ver=1.14.4
time="2024-10-11T16:12:50.12315584-07:00" level=info msg="Enabled max body size HTTP middleware with size 4194304 bytes" app_id=checkout-sdk instance=marcel-arm64 scope=dapr.runtime.http type=log ver=1.14.4
time="2024-10-11T16:12:50.123169941-07:00" level=info msg="Enabled tracing HTTP middleware" app_id=checkout-sdk instance=marcel-arm64 scope=dapr.runtime.http type=log ver=1.14.4
time="2024-10-11T16:12:50.123178742-07:00" level=info msg="Enabled metrics HTTP middleware" app_id=checkout-sdk instance=marcel-arm64 scope=dapr.runtime.http type=log ver=1.14.4
time="2024-10-11T16:12:50.123501576-07:00" level=info msg="HTTP server listening on TCP address: :39417" app_id=checkout-sdk instance=marcel-arm64 scope=dapr.runtime.http type=log ver=1.14.4
time="2024-10-11T16:12:50.123566483-07:00" level=info msg="HTTP server is running on port 39417" app_id=checkout-sdk instance=marcel-arm64 scope=dapr.runtime type=log ver=1.14.4
time="2024-10-11T16:12:50.123577384-07:00" level=info msg="The request body size parameter is: 4194304 bytes" app_id=checkout-sdk instance=marcel-arm64 scope=dapr.runtime type=log ver=1.14.4
time="2024-10-11T16:12:50.123601686-07:00" level=info msg="gRPC server listening on TCP address: :44055" app_id=checkout-sdk instance=marcel-arm64 scope=dapr.runtime.grpc.internal type=log ver=1.14.4
time="2024-10-11T16:12:50.123612688-07:00" level=info msg="Enabled gRPC tracing middleware" app_id=checkout-sdk instance=marcel-arm64 scope=dapr.runtime.grpc.internal type=log ver=1.14.4
time="2024-10-11T16:12:50.123620388-07:00" level=info msg="Enabled gRPC metrics middleware" app_id=checkout-sdk instance=marcel-arm64 scope=dapr.runtime.grpc.internal type=log ver=1.14.4
time="2024-10-11T16:12:50.123649191-07:00" level=info msg="Internal gRPC server is running on :44055" app_id=checkout-sdk instance=marcel-arm64 scope=dapr.runtime type=log ver=1.14.4
time="2024-10-11T16:12:50.123742101-07:00" level=info msg="actors: state store is not configured - this is okay for clients but services with hosted actors will fail to initialize!" app_id=checkout-sdk instance=marcel-arm64 scope=dapr.runtime type=log ver=1.14.4
time="2024-10-11T16:12:50.123785306-07:00" level=info msg="Configuring actors placement provider 'placement'. Configuration: 'placement:localhost:50005'" app_id=checkout-sdk instance=marcel-arm64 scope=dapr.runtime.actor type=log ver=1.14.4
time="2024-10-11T16:12:50.123817809-07:00" level=info msg="Configuring actor reminders provider 'default'. Configuration: ''" app_id=checkout-sdk instance=marcel-arm64 scope=dapr.runtime.actor type=log ver=1.14.4
time="2024-10-11T16:12:50.123858513-07:00" level=info msg="Actor runtime started. Idle timeout: 1h0m0s" app_id=checkout-sdk instance=marcel-arm64 scope=dapr.runtime.actor type=log ver=1.14.4
time="2024-10-11T16:12:50.123876015-07:00" level=info msg="Configuring workflow engine with actors backend" app_id=checkout-sdk instance=marcel-arm64 scope=dapr.runtime type=log ver=1.14.4
time="2024-10-11T16:12:50.123884716-07:00" level=info msg="Registering component for dapr workflow engine..." app_id=checkout-sdk instance=marcel-arm64 scope=dapr.runtime type=log ver=1.14.4
time="2024-10-11T16:12:50.123902118-07:00" level=info msg="Initializing Dapr workflow component" app_id=checkout-sdk component="dapr (workflow.dapr/v1)" instance=marcel-arm64 scope=dapr.contrib type=log ver=1.14.4
time="2024-10-11T16:12:50.123918219-07:00" level=info msg="Workflow engine initialized." app_id=checkout-sdk instance=marcel-arm64 scope=dapr.runtime type=log ver=1.14.4
time="2024-10-11T16:12:50.123932621-07:00" level=info msg="dapr initialized. Status: Running. Init Elapsed 9ms" app_id=checkout-sdk instance=marcel-arm64 scope=dapr.runtime type=log ver=1.14.4
time="2024-10-11T16:12:50.185238409-07:00" level=info msg="Placement tables updated, version: 0" app_id=checkout-sdk instance=marcel-arm64 scope=dapr.runtime.actors.placement type=log ver=1.14.4
Checking if Dapr sidecar is listening on GRPC port 36055
Dapr sidecar is up and running.
Updating metadata for cliPID: 76196
Updating metadata for app command: go run .
Updating metadata for appPID: 76391
You're up and running! Dapr logs will appear here.


termination signal received: shutting down
Exited Dapr successfully
