Starting Dapr with id checkout-sdk. HTTP Port: 43945. gRPC Port: 36479
Checking if Dapr sidecar is listening on HTTP port 43945
Flag --dapr-http-max-request-size has been deprecated, use '--max-body-size 4Mi'
Flag --dapr-http-read-buffer-size has been deprecated, use '--read-buffer-size 4Ki'
time="2024-10-11T16:09:41.043358898-07:00" level=info msg="Starting Dapr Runtime -- version 1.14.4 -- commit 583960dc90120616124b60ad2b7820fc0b3edf44" app_id=checkout-sdk instance=marcel-arm64 scope=dapr.runtime type=log ver=1.14.4
time="2024-10-11T16:09:41.0433796-07:00" level=info msg="Log level set to: info" app_id=checkout-sdk instance=marcel-arm64 scope=dapr.runtime type=log ver=1.14.4
time="2024-10-11T16:09:41.043703939-07:00" level=warning msg="mTLS is disabled. Skipping certificate request and tls validation" app_id=checkout-sdk instance=marcel-arm64 scope=dapr.runtime.security type=log ver=1.14.4
time="2024-10-11T16:09:41.043985772-07:00" level=info msg="metric spec: {0x4000b62119 <nil> <nil> []}" app_id=checkout-sdk instance=marcel-arm64 scope=dapr.runtime.diagnostics type=log ver=1.14.4
time="2024-10-11T16:09:41.044036178-07:00" level=info msg="Using default latency distribution buckets: [1 2 3 4 5 6 8 10 13 16 20 25 30 40 50 65 80 100 130 160 200 250 300 400 500 650 800 1000 2000 5000 10000 20000 50000 100000]" app_id=checkout-sdk instance=marcel-arm64 scope=dapr.runtime.diagnostics type=log ver=1.14.4
time="2024-10-11T16:09:41.044161092-07:00" level=warning msg="The default value for 'spec.metric.http.increasedCardinality' will change to 'false' in Dapr 1.15 or later" app_id=checkout-sdk instance=marcel-arm64 scope=dapr.runtime.diagnostics type=log ver=1.14.4
time="2024-10-11T16:09:41.04464845-07:00" level=info msg="standalone mode configured" app_id=checkout-sdk instance=marcel-arm64 scope=dapr.runtime type=log ver=1.14.4
time="2024-10-11T16:09:41.044729559-07:00" level=info msg="app id: checkout-sdk" app_id=checkout-sdk instance=marcel-arm64 scope=dapr.runtime type=log ver=1.14.4
time="2024-10-11T16:09:41.044793467-07:00" level=info msg="Dapr trace sampler initialized: ParentBased{root:AlwaysOnSampler,remoteParentSampled:AlwaysOnSampler,remoteParentNotSampled:AlwaysOffSampler,localParentSampled:AlwaysOnSampler,localParentNotSampled:AlwaysOffSampler}" app_id=checkout-sdk instance=marcel-arm64 scope=dapr.runtime type=log ver=1.14.4
time="2024-10-11T16:09:41.044679754-07:00" level=info msg="metrics server started on :38675/" app_id=checkout-sdk instance=marcel-arm64 scope=dapr.runtime type=log ver=1.14.4
time="2024-10-11T16:09:41.045010593-07:00" level=info msg="local service entry announced: checkout-sdk -> 192.168.242.25:41181" app_id=checkout-sdk component="nr (mdns/v1)" instance=marcel-arm64 scope=dapr.contrib type=log ver=1.14.4
time="2024-10-11T16:09:41.045023794-07:00" level=info msg="Initialized name resolution to mdns" app_id=checkout-sdk instance=marcel-arm64 scope=dapr.runtime type=log ver=1.14.4
time="2024-10-11T16:09:41.045050197-07:00" level=info msg="Loading components…" app_id=checkout-sdk instance=marcel-arm64 scope=dapr.runtime type=log ver=1.14.4
time="2024-10-11T16:09:41.045449144-07:00" level=info msg="Waiting for all outstanding components to be processed…" app_id=checkout-sdk instance=marcel-arm64 scope=dapr.runtime type=log ver=1.14.4
time="2024-10-11T16:09:41.049270895-07:00" level=info msg="Component loaded: orderpubsub (pubsub.redis/v1)" app_id=checkout-sdk instance=marcel-arm64 scope=dapr.runtime.processor type=log ver=1.14.4
time="2024-10-11T16:09:41.049354704-07:00" level=info msg="All outstanding components processed" app_id=checkout-sdk instance=marcel-arm64 scope=dapr.runtime type=log ver=1.14.4
time="2024-10-11T16:09:41.049376107-07:00" level=info msg="Loading endpoints…" app_id=checkout-sdk instance=marcel-arm64 scope=dapr.runtime type=log ver=1.14.4
time="2024-10-11T16:09:41.04965314-07:00" level=info msg="Waiting for all outstanding http endpoints to be processed…" app_id=checkout-sdk instance=marcel-arm64 scope=dapr.runtime type=log ver=1.14.4
time="2024-10-11T16:09:41.049692144-07:00" level=info msg="All outstanding http endpoints processed" app_id=checkout-sdk instance=marcel-arm64 scope=dapr.runtime type=log ver=1.14.4
time="2024-10-11T16:09:41.049714247-07:00" level=info msg="Loading Declarative Subscriptions…" app_id=checkout-sdk instance=marcel-arm64 scope=dapr.runtime type=log ver=1.14.4
time="2024-10-11T16:09:41.04991387-07:00" level=warning msg="App channel is not initialized. Did you configure an app-port?" app_id=checkout-sdk instance=marcel-arm64 scope=dapr.runtime.channels type=log ver=1.14.4
time="2024-10-11T16:09:41.04999728-07:00" level=info msg="gRPC server listening on TCP address: :36479" app_id=checkout-sdk instance=marcel-arm64 scope=dapr.runtime.grpc.api type=log ver=1.14.4
time="2024-10-11T16:09:41.050073989-07:00" level=info msg="Enabled gRPC tracing middleware" app_id=checkout-sdk instance=marcel-arm64 scope=dapr.runtime.grpc.api type=log ver=1.14.4
time="2024-10-11T16:09:41.05008059-07:00" level=info msg="Enabled gRPC metrics middleware" app_id=checkout-sdk instance=marcel-arm64 scope=dapr.runtime.grpc.api type=log ver=1.14.4
time="2024-10-11T16:09:41.050148898-07:00" level=info msg="Registering workflow engine for gRPC endpoint: [::]:36479" app_id=checkout-sdk instance=marcel-arm64 scope=dapr.runtime.grpc.api type=log ver=1.14.4
time="2024-10-11T16:09:41.050236008-07:00" level=info msg="API gRPC server is running on port 36479" app_id=checkout-sdk instance=marcel-arm64 scope=dapr.runtime type=log ver=1.14.4
time="2024-10-11T16:09:41.050258411-07:00" level=warning msg="The default value for 'spec.metric.http.increasedCardinality' will change to 'false' in Dapr 1.15 or later" app_id=checkout-sdk instance=marcel-arm64 scope=dapr.runtime.http type=log ver=1.14.4
time="2024-10-11T16:09:41.050294315-07:00" level=info msg="Enabled max body size HTTP middleware with size 4194304 bytes" app_id=checkout-sdk instance=marcel-arm64 scope=dapr.runtime.http type=log ver=1.14.4
time="2024-10-11T16:09:41.050302116-07:00" level=info msg="Enabled tracing HTTP middleware" app_id=checkout-sdk instance=marcel-arm64 scope=dapr.runtime.http type=log ver=1.14.4
time="2024-10-11T16:09:41.050306817-07:00" level=info msg="Enabled metrics HTTP middleware" app_id=checkout-sdk instance=marcel-arm64 scope=dapr.runtime.http type=log ver=1.14.4
time="2024-10-11T16:09:41.05050494-07:00" level=info msg="HTTP server listening on TCP address: :43945" app_id=checkout-sdk instance=marcel-arm64 scope=dapr.runtime.http type=log ver=1.14.4
time="2024-10-11T16:09:41.050551245-07:00" level=info msg="HTTP server is running on port 43945" app_id=checkout-sdk instance=marcel-arm64 scope=dapr.runtime type=log ver=1.14.4
time="2024-10-11T16:09:41.050557846-07:00" level=info msg="The request body size parameter is: 4194304 bytes" app_id=checkout-sdk instance=marcel-arm64 scope=dapr.runtime type=log ver=1.14.4
time="2024-10-11T16:09:41.050571748-07:00" level=info msg="gRPC server listening on TCP address: :41181" app_id=checkout-sdk instance=marcel-arm64 scope=dapr.runtime.grpc.internal type=log ver=1.14.4
time="2024-10-11T16:09:41.050577849-07:00" level=info msg="Enabled gRPC tracing middleware" app_id=checkout-sdk instance=marcel-arm64 scope=dapr.runtime.grpc.internal type=log ver=1.14.4
time="2024-10-11T16:09:41.050582349-07:00" level=info msg="Enabled gRPC metrics middleware" app_id=checkout-sdk instance=marcel-arm64 scope=dapr.runtime.grpc.internal type=log ver=1.14.4
time="2024-10-11T16:09:41.050599351-07:00" level=info msg="Internal gRPC server is running on :41181" app_id=checkout-sdk instance=marcel-arm64 scope=dapr.runtime type=log ver=1.14.4
time="2024-10-11T16:09:41.050658458-07:00" level=info msg="actors: state store is not configured - this is okay for clients but services with hosted actors will fail to initialize!" app_id=checkout-sdk instance=marcel-arm64 scope=dapr.runtime type=log ver=1.14.4
time="2024-10-11T16:09:41.050686761-07:00" level=info msg="Configuring actors placement provider 'placement'. Configuration: 'placement:localhost:50005'" app_id=checkout-sdk instance=marcel-arm64 scope=dapr.runtime.actor type=log ver=1.14.4
time="2024-10-11T16:09:41.050702363-07:00" level=info msg="Configuring actor reminders provider 'default'. Configuration: ''" app_id=checkout-sdk instance=marcel-arm64 scope=dapr.runtime.actor type=log ver=1.14.4
time="2024-10-11T16:09:41.050724066-07:00" level=info msg="Actor runtime started. Idle timeout: 1h0m0s" app_id=checkout-sdk instance=marcel-arm64 scope=dapr.runtime.actor type=log ver=1.14.4
time="2024-10-11T16:09:41.050734667-07:00" level=info msg="Configuring workflow engine with actors backend" app_id=checkout-sdk instance=marcel-arm64 scope=dapr.runtime type=log ver=1.14.4
time="2024-10-11T16:09:41.050741768-07:00" level=info msg="Registering component for dapr workflow engine..." app_id=checkout-sdk instance=marcel-arm64 scope=dapr.runtime type=log ver=1.14.4
time="2024-10-11T16:09:41.050754669-07:00" level=info msg="Initializing Dapr workflow component" app_id=checkout-sdk component="dapr (workflow.dapr/v1)" instance=marcel-arm64 scope=dapr.contrib type=log ver=1.14.4
time="2024-10-11T16:09:41.05076357-07:00" level=info msg="Workflow engine initialized." app_id=checkout-sdk instance=marcel-arm64 scope=dapr.runtime type=log ver=1.14.4
time="2024-10-11T16:09:41.050771471-07:00" level=info msg="dapr initialized. Status: Running. Init Elapsed 6ms" app_id=checkout-sdk instance=marcel-arm64 scope=dapr.runtime type=log ver=1.14.4
time="2024-10-11T16:09:41.2224502-07:00" level=info msg="Placement tables updated, version: 0" app_id=checkout-sdk instance=marcel-arm64 scope=dapr.runtime.actors.placement type=log ver=1.14.4
Checking if Dapr sidecar is listening on GRPC port 36479
Dapr sidecar is up and running.
Updating metadata for cliPID: 72543
Updating metadata for app command: go run .
Updating metadata for appPID: 72724
You're up and running! Dapr logs will appear here.

time="2024-10-11T16:12:07.19921891-07:00" level=info msg="Received signal 'interrupt'; beginning shutdown" app_id=checkout-sdk instance=marcel-arm64 scope=dapr.signals type=log ver=1.14.4
time="2024-10-11T16:12:07.207765903-07:00" level=info msg="Shutting down workflow engine" app_id=checkout-sdk instance=marcel-arm64 scope=dapr.runtime type=log ver=1.14.4
time="2024-10-11T16:12:07.208286064-07:00" level=info msg="Dapr is shutting down" app_id=checkout-sdk instance=marcel-arm64 scope=dapr.runtime type=log ver=1.14.4

termination signal received: shutting down
Exited Dapr successfully
