Starting Dapr with id checkout-sdk. HTTP Port: 44559. gRPC Port: 35035
Checking if Dapr sidecar is listening on HTTP port 44559
Flag --dapr-http-max-request-size has been deprecated, use '--max-body-size 4Mi'
Flag --dapr-http-read-buffer-size has been deprecated, use '--read-buffer-size 4Ki'
time="2024-10-11T16:04:10.442159345-07:00" level=info msg="Starting Dapr Runtime -- version 1.14.4 -- commit 583960dc90120616124b60ad2b7820fc0b3edf44" app_id=checkout-sdk instance=marcel-arm64 scope=dapr.runtime type=log ver=1.14.4
time="2024-10-11T16:04:10.442208152-07:00" level=info msg="Log level set to: info" app_id=checkout-sdk instance=marcel-arm64 scope=dapr.runtime type=log ver=1.14.4
time="2024-10-11T16:04:10.443653471-07:00" level=warning msg="mTLS is disabled. Skipping certificate request and tls validation" app_id=checkout-sdk instance=marcel-arm64 scope=dapr.runtime.security type=log ver=1.14.4
time="2024-10-11T16:04:10.444420587-07:00" level=info msg="metric spec: {0x4000dac299 <nil> <nil> []}" app_id=checkout-sdk instance=marcel-arm64 scope=dapr.runtime.diagnostics type=log ver=1.14.4
time="2024-10-11T16:04:10.444503799-07:00" level=info msg="Using default latency distribution buckets: [1 2 3 4 5 6 8 10 13 16 20 25 30 40 50 65 80 100 130 160 200 250 300 400 500 650 800 1000 2000 5000 10000 20000 50000 100000]" app_id=checkout-sdk instance=marcel-arm64 scope=dapr.runtime.diagnostics type=log ver=1.14.4
time="2024-10-11T16:04:10.444790043-07:00" level=warning msg="The default value for 'spec.metric.http.increasedCardinality' will change to 'false' in Dapr 1.15 or later" app_id=checkout-sdk instance=marcel-arm64 scope=dapr.runtime.diagnostics type=log ver=1.14.4
time="2024-10-11T16:04:10.44642499-07:00" level=info msg="standalone mode configured" app_id=checkout-sdk instance=marcel-arm64 scope=dapr.runtime type=log ver=1.14.4
time="2024-10-11T16:04:10.446527805-07:00" level=info msg="app id: checkout-sdk" app_id=checkout-sdk instance=marcel-arm64 scope=dapr.runtime type=log ver=1.14.4
time="2024-10-11T16:04:10.446639222-07:00" level=info msg="metrics server started on :34847/" app_id=checkout-sdk instance=marcel-arm64 scope=dapr.runtime type=log ver=1.14.4
time="2024-10-11T16:04:10.446642723-07:00" level=info msg="Dapr trace sampler initialized: ParentBased{root:AlwaysOnSampler,remoteParentSampled:AlwaysOnSampler,remoteParentNotSampled:AlwaysOffSampler,localParentSampled:AlwaysOnSampler,localParentNotSampled:AlwaysOffSampler}" app_id=checkout-sdk instance=marcel-arm64 scope=dapr.runtime type=log ver=1.14.4
time="2024-10-11T16:04:10.447379934-07:00" level=info msg="local service entry announced: checkout-sdk -> 192.168.242.25:38559" app_id=checkout-sdk component="nr (mdns/v1)" instance=marcel-arm64 scope=dapr.contrib type=log ver=1.14.4
time="2024-10-11T16:04:10.447435643-07:00" level=info msg="Initialized name resolution to mdns" app_id=checkout-sdk instance=marcel-arm64 scope=dapr.runtime type=log ver=1.14.4
time="2024-10-11T16:04:10.448005429-07:00" level=info msg="Loading components…" app_id=checkout-sdk instance=marcel-arm64 scope=dapr.runtime type=log ver=1.14.4
time="2024-10-11T16:04:10.448826953-07:00" level=info msg="Waiting for all outstanding components to be processed…" app_id=checkout-sdk instance=marcel-arm64 scope=dapr.runtime type=log ver=1.14.4
time="2024-10-11T16:04:10.453031889-07:00" level=info msg="Component loaded: orderpubsub (pubsub.redis/v1)" app_id=checkout-sdk instance=marcel-arm64 scope=dapr.runtime.processor type=log ver=1.14.4
time="2024-10-11T16:04:10.453113801-07:00" level=info msg="All outstanding components processed" app_id=checkout-sdk instance=marcel-arm64 scope=dapr.runtime type=log ver=1.14.4
time="2024-10-11T16:04:10.453142606-07:00" level=info msg="Loading endpoints…" app_id=checkout-sdk instance=marcel-arm64 scope=dapr.runtime type=log ver=1.14.4
time="2024-10-11T16:04:10.453382642-07:00" level=info msg="Waiting for all outstanding http endpoints to be processed…" app_id=checkout-sdk instance=marcel-arm64 scope=dapr.runtime type=log ver=1.14.4
time="2024-10-11T16:04:10.453473256-07:00" level=info msg="All outstanding http endpoints processed" app_id=checkout-sdk instance=marcel-arm64 scope=dapr.runtime type=log ver=1.14.4
time="2024-10-11T16:04:10.453510361-07:00" level=info msg="Loading Declarative Subscriptions…" app_id=checkout-sdk instance=marcel-arm64 scope=dapr.runtime type=log ver=1.14.4
time="2024-10-11T16:04:10.453827309-07:00" level=warning msg="App channel is not initialized. Did you configure an app-port?" app_id=checkout-sdk instance=marcel-arm64 scope=dapr.runtime.channels type=log ver=1.14.4
time="2024-10-11T16:04:10.453945827-07:00" level=info msg="gRPC server listening on TCP address: :35035" app_id=checkout-sdk instance=marcel-arm64 scope=dapr.runtime.grpc.api type=log ver=1.14.4
time="2024-10-11T16:04:10.454088249-07:00" level=info msg="Enabled gRPC tracing middleware" app_id=checkout-sdk instance=marcel-arm64 scope=dapr.runtime.grpc.api type=log ver=1.14.4
time="2024-10-11T16:04:10.454173062-07:00" level=info msg="Enabled gRPC metrics middleware" app_id=checkout-sdk instance=marcel-arm64 scope=dapr.runtime.grpc.api type=log ver=1.14.4
time="2024-10-11T16:04:10.454356989-07:00" level=info msg="Registering workflow engine for gRPC endpoint: [::]:35035" app_id=checkout-sdk instance=marcel-arm64 scope=dapr.runtime.grpc.api type=log ver=1.14.4
time="2024-10-11T16:04:10.454549219-07:00" level=info msg="API gRPC server is running on port 35035" app_id=checkout-sdk instance=marcel-arm64 scope=dapr.runtime type=log ver=1.14.4
time="2024-10-11T16:04:10.454694841-07:00" level=warning msg="The default value for 'spec.metric.http.increasedCardinality' will change to 'false' in Dapr 1.15 or later" app_id=checkout-sdk instance=marcel-arm64 scope=dapr.runtime.http type=log ver=1.14.4
time="2024-10-11T16:04:10.454866867-07:00" level=info msg="Enabled max body size HTTP middleware with size 4194304 bytes" app_id=checkout-sdk instance=marcel-arm64 scope=dapr.runtime.http type=log ver=1.14.4
time="2024-10-11T16:04:10.454989885-07:00" level=info msg="Enabled tracing HTTP middleware" app_id=checkout-sdk instance=marcel-arm64 scope=dapr.runtime.http type=log ver=1.14.4
time="2024-10-11T16:04:10.455108203-07:00" level=info msg="Enabled metrics HTTP middleware" app_id=checkout-sdk instance=marcel-arm64 scope=dapr.runtime.http type=log ver=1.14.4
time="2024-10-11T16:04:10.455555771-07:00" level=info msg="HTTP server listening on TCP address: :44559" app_id=checkout-sdk instance=marcel-arm64 scope=dapr.runtime.http type=log ver=1.14.4
time="2024-10-11T16:04:10.455766903-07:00" level=info msg="HTTP server is running on port 44559" app_id=checkout-sdk instance=marcel-arm64 scope=dapr.runtime type=log ver=1.14.4
time="2024-10-11T16:04:10.455897322-07:00" level=info msg="The request body size parameter is: 4194304 bytes" app_id=checkout-sdk instance=marcel-arm64 scope=dapr.runtime type=log ver=1.14.4
time="2024-10-11T16:04:10.455996137-07:00" level=info msg="gRPC server listening on TCP address: :38559" app_id=checkout-sdk instance=marcel-arm64 scope=dapr.runtime.grpc.internal type=log ver=1.14.4
time="2024-10-11T16:04:10.456129758-07:00" level=info msg="Enabled gRPC tracing middleware" app_id=checkout-sdk instance=marcel-arm64 scope=dapr.runtime.grpc.internal type=log ver=1.14.4
time="2024-10-11T16:04:10.456302784-07:00" level=info msg="Enabled gRPC metrics middleware" app_id=checkout-sdk instance=marcel-arm64 scope=dapr.runtime.grpc.internal type=log ver=1.14.4
time="2024-10-11T16:04:10.456584226-07:00" level=info msg="Internal gRPC server is running on :38559" app_id=checkout-sdk instance=marcel-arm64 scope=dapr.runtime type=log ver=1.14.4
time="2024-10-11T16:04:10.45687297-07:00" level=info msg="actors: state store is not configured - this is okay for clients but services with hosted actors will fail to initialize!" app_id=checkout-sdk instance=marcel-arm64 scope=dapr.runtime type=log ver=1.14.4
time="2024-10-11T16:04:10.457031694-07:00" level=info msg="Configuring actors placement provider 'placement'. Configuration: 'placement:localhost:50005'" app_id=checkout-sdk instance=marcel-arm64 scope=dapr.runtime.actor type=log ver=1.14.4
time="2024-10-11T16:04:10.457183217-07:00" level=info msg="Configuring actor reminders provider 'default'. Configuration: ''" app_id=checkout-sdk instance=marcel-arm64 scope=dapr.runtime.actor type=log ver=1.14.4
time="2024-10-11T16:04:10.457369045-07:00" level=info msg="Actor runtime started. Idle timeout: 1h0m0s" app_id=checkout-sdk instance=marcel-arm64 scope=dapr.runtime.actor type=log ver=1.14.4
time="2024-10-11T16:04:10.457577576-07:00" level=info msg="Configuring workflow engine with actors backend" app_id=checkout-sdk instance=marcel-arm64 scope=dapr.runtime type=log ver=1.14.4
time="2024-10-11T16:04:10.457744602-07:00" level=info msg="Registering component for dapr workflow engine..." app_id=checkout-sdk instance=marcel-arm64 scope=dapr.runtime type=log ver=1.14.4
time="2024-10-11T16:04:10.459324241-07:00" level=info msg="Initializing Dapr workflow component" app_id=checkout-sdk component="dapr (workflow.dapr/v1)" instance=marcel-arm64 scope=dapr.contrib type=log ver=1.14.4
time="2024-10-11T16:04:10.45951827-07:00" level=info msg="Workflow engine initialized." app_id=checkout-sdk instance=marcel-arm64 scope=dapr.runtime type=log ver=1.14.4
time="2024-10-11T16:04:10.459727502-07:00" level=info msg="dapr initialized. Status: Running. Init Elapsed 13ms" app_id=checkout-sdk instance=marcel-arm64 scope=dapr.runtime type=log ver=1.14.4
time="2024-10-11T16:04:10.517572249-07:00" level=info msg="Placement tables updated, version: 0" app_id=checkout-sdk instance=marcel-arm64 scope=dapr.runtime.actors.placement type=log ver=1.14.4
Checking if Dapr sidecar is listening on GRPC port 35035
Dapr sidecar is up and running.
Updating metadata for cliPID: 67683
Updating metadata for app command: go run .
Updating metadata for appPID: 67861
You're up and running! Dapr logs will appear here.


termination signal received: shutting down
Exited Dapr successfully
Exited App successfully
