Starting Dapr with id order-processor. HTTP Port: 46621. gRPC Port: 45129
Updating metadata for cliPID: 87461
Flag --dapr-http-max-request-size has been deprecated, use '--max-body-size 4Mi'
Flag --dapr-http-read-buffer-size has been deprecated, use '--read-buffer-size 4Ki'
time="2024-10-11T16:20:06.041016544-07:00" level=info msg="Starting Dapr Runtime -- version 1.14.4 -- commit 583960dc90120616124b60ad2b7820fc0b3edf44" app_id=order-processor instance=marcel-arm64 scope=dapr.runtime type=log ver=1.14.4
time="2024-10-11T16:20:06.041066248-07:00" level=info msg="Log level set to: info" app_id=order-processor instance=marcel-arm64 scope=dapr.runtime type=log ver=1.14.4
time="2024-10-11T16:20:06.041358872-07:00" level=warning msg="mTLS is disabled. Skipping certificate request and tls validation" app_id=order-processor instance=marcel-arm64 scope=dapr.runtime.security type=log ver=1.14.4
time="2024-10-11T16:20:06.04182151-07:00" level=info msg="metric spec: {0x400097f8cd <nil> <nil> []}" app_id=order-processor instance=marcel-arm64 scope=dapr.runtime.diagnostics type=log ver=1.14.4
time="2024-10-11T16:20:06.041875414-07:00" level=info msg="Using default latency distribution buckets: [1 2 3 4 5 6 8 10 13 16 20 25 30 40 50 65 80 100 130 160 200 250 300 400 500 650 800 1000 2000 5000 10000 20000 50000 100000]" app_id=order-processor instance=marcel-arm64 scope=dapr.runtime.diagnostics type=log ver=1.14.4
time="2024-10-11T16:20:06.04206733-07:00" level=warning msg="The default value for 'spec.metric.http.increasedCardinality' will change to 'false' in Dapr 1.15 or later" app_id=order-processor instance=marcel-arm64 scope=dapr.runtime.diagnostics type=log ver=1.14.4
time="2024-10-11T16:20:06.042723984-07:00" level=info msg="standalone mode configured" app_id=order-processor instance=marcel-arm64 scope=dapr.runtime type=log ver=1.14.4
time="2024-10-11T16:20:06.042785889-07:00" level=info msg="app id: order-processor" app_id=order-processor instance=marcel-arm64 scope=dapr.runtime type=log ver=1.14.4
time="2024-10-11T16:20:06.042863095-07:00" level=info msg="Dapr trace sampler initialized: ParentBased{root:AlwaysOnSampler,remoteParentSampled:AlwaysOnSampler,remoteParentNotSampled:AlwaysOffSampler,localParentSampled:AlwaysOnSampler,localParentNotSampled:AlwaysOffSampler}" app_id=order-processor instance=marcel-arm64 scope=dapr.runtime type=log ver=1.14.4
time="2024-10-11T16:20:06.042952402-07:00" level=info msg="metrics server started on :42057/" app_id=order-processor instance=marcel-arm64 scope=dapr.runtime type=log ver=1.14.4
time="2024-10-11T16:20:06.043332734-07:00" level=info msg="local service entry announced: order-processor -> 192.168.242.25:33269" app_id=order-processor component="nr (mdns/v1)" instance=marcel-arm64 scope=dapr.contrib type=log ver=1.14.4
time="2024-10-11T16:20:06.043351035-07:00" level=info msg="Initialized name resolution to mdns" app_id=order-processor instance=marcel-arm64 scope=dapr.runtime type=log ver=1.14.4
time="2024-10-11T16:20:06.04341324-07:00" level=info msg="Loading components…" app_id=order-processor instance=marcel-arm64 scope=dapr.runtime type=log ver=1.14.4
time="2024-10-11T16:20:06.043874078-07:00" level=info msg="Waiting for all outstanding components to be processed…" app_id=order-processor instance=marcel-arm64 scope=dapr.runtime type=log ver=1.14.4
time="2024-10-11T16:20:06.048384948-07:00" level=info msg="Component loaded: orderpubsub (pubsub.redis/v1)" app_id=order-processor instance=marcel-arm64 scope=dapr.runtime.processor type=log ver=1.14.4
time="2024-10-11T16:20:06.048435952-07:00" level=info msg="All outstanding components processed" app_id=order-processor instance=marcel-arm64 scope=dapr.runtime type=log ver=1.14.4
time="2024-10-11T16:20:06.048462755-07:00" level=info msg="Loading endpoints…" app_id=order-processor instance=marcel-arm64 scope=dapr.runtime type=log ver=1.14.4
time="2024-10-11T16:20:06.04864807-07:00" level=info msg="Waiting for all outstanding http endpoints to be processed…" app_id=order-processor instance=marcel-arm64 scope=dapr.runtime type=log ver=1.14.4
time="2024-10-11T16:20:06.048719576-07:00" level=info msg="All outstanding http endpoints processed" app_id=order-processor instance=marcel-arm64 scope=dapr.runtime type=log ver=1.14.4
time="2024-10-11T16:20:06.048729577-07:00" level=info msg="Loading Declarative Subscriptions…" app_id=order-processor instance=marcel-arm64 scope=dapr.runtime type=log ver=1.14.4
time="2024-10-11T16:20:06.048957295-07:00" level=info msg="gRPC server listening on TCP address: :45129" app_id=order-processor instance=marcel-arm64 scope=dapr.runtime.grpc.api type=log ver=1.14.4
time="2024-10-11T16:20:06.048994598-07:00" level=info msg="Enabled gRPC tracing middleware" app_id=order-processor instance=marcel-arm64 scope=dapr.runtime.grpc.api type=log ver=1.14.4
time="2024-10-11T16:20:06.049001699-07:00" level=info msg="Enabled gRPC metrics middleware" app_id=order-processor instance=marcel-arm64 scope=dapr.runtime.grpc.api type=log ver=1.14.4
time="2024-10-11T16:20:06.049079905-07:00" level=info msg="Registering workflow engine for gRPC endpoint: [::]:45129" app_id=order-processor instance=marcel-arm64 scope=dapr.runtime.grpc.api type=log ver=1.14.4
time="2024-10-11T16:20:06.04913441-07:00" level=info msg="API gRPC server is running on port 45129" app_id=order-processor instance=marcel-arm64 scope=dapr.runtime type=log ver=1.14.4
time="2024-10-11T16:20:06.049165612-07:00" level=warning msg="The default value for 'spec.metric.http.increasedCardinality' will change to 'false' in Dapr 1.15 or later" app_id=order-processor instance=marcel-arm64 scope=dapr.runtime.http type=log ver=1.14.4
time="2024-10-11T16:20:06.049206116-07:00" level=info msg="Enabled max body size HTTP middleware with size 4194304 bytes" app_id=order-processor instance=marcel-arm64 scope=dapr.runtime.http type=log ver=1.14.4
time="2024-10-11T16:20:06.049214716-07:00" level=info msg="Enabled tracing HTTP middleware" app_id=order-processor instance=marcel-arm64 scope=dapr.runtime.http type=log ver=1.14.4
time="2024-10-11T16:20:06.049219417-07:00" level=info msg="Enabled metrics HTTP middleware" app_id=order-processor instance=marcel-arm64 scope=dapr.runtime.http type=log ver=1.14.4
time="2024-10-11T16:20:06.049457036-07:00" level=info msg="HTTP server listening on TCP address: :46621" app_id=order-processor instance=marcel-arm64 scope=dapr.runtime.http type=log ver=1.14.4
time="2024-10-11T16:20:06.04950444-07:00" level=info msg="HTTP server is running on port 46621" app_id=order-processor instance=marcel-arm64 scope=dapr.runtime type=log ver=1.14.4
time="2024-10-11T16:20:06.049510041-07:00" level=info msg="The request body size parameter is: 4194304 bytes" app_id=order-processor instance=marcel-arm64 scope=dapr.runtime type=log ver=1.14.4
time="2024-10-11T16:20:06.049526442-07:00" level=info msg="gRPC server listening on TCP address: :33269" app_id=order-processor instance=marcel-arm64 scope=dapr.runtime.grpc.internal type=log ver=1.14.4
time="2024-10-11T16:20:06.049533743-07:00" level=info msg="Enabled gRPC tracing middleware" app_id=order-processor instance=marcel-arm64 scope=dapr.runtime.grpc.internal type=log ver=1.14.4
time="2024-10-11T16:20:06.049538543-07:00" level=info msg="Enabled gRPC metrics middleware" app_id=order-processor instance=marcel-arm64 scope=dapr.runtime.grpc.internal type=log ver=1.14.4
time="2024-10-11T16:20:06.049564445-07:00" level=info msg="Internal gRPC server is running on :33269" app_id=order-processor instance=marcel-arm64 scope=dapr.runtime type=log ver=1.14.4
time="2024-10-11T16:20:06.049600648-07:00" level=info msg="application protocol: http. waiting on port 6005.  This will block until the app is listening on that port." app_id=order-processor instance=marcel-arm64 scope=dapr.runtime type=log ver=1.14.4
Updating metadata for app command: go run .
Updating metadata for appPID: 87489
You're up and running! Dapr logs will appear here.

time="2024-10-11T16:20:06.972265855-07:00" level=info msg="application discovered on port 6005" app_id=order-processor instance=marcel-arm64 scope=dapr.runtime type=log ver=1.14.4
time="2024-10-11T16:20:06.977352973-07:00" level=info msg="Application configuration loaded" app_id=order-processor instance=marcel-arm64 scope=dapr.runtime type=log ver=1.14.4
time="2024-10-11T16:20:06.977532887-07:00" level=info msg="actors: state store is not configured - this is okay for clients but services with hosted actors will fail to initialize!" app_id=order-processor instance=marcel-arm64 scope=dapr.runtime type=log ver=1.14.4
time="2024-10-11T16:20:06.977649297-07:00" level=info msg="Configuring actors placement provider 'placement'. Configuration: 'placement:localhost:50005'" app_id=order-processor instance=marcel-arm64 scope=dapr.runtime.actor type=log ver=1.14.4
time="2024-10-11T16:20:06.977716102-07:00" level=info msg="Configuring actor reminders provider 'default'. Configuration: ''" app_id=order-processor instance=marcel-arm64 scope=dapr.runtime.actor type=log ver=1.14.4
time="2024-10-11T16:20:06.97780521-07:00" level=info msg="Actor runtime started. Idle timeout: 1h0m0s" app_id=order-processor instance=marcel-arm64 scope=dapr.runtime.actor type=log ver=1.14.4
time="2024-10-11T16:20:06.977836712-07:00" level=info msg="Configuring workflow engine with actors backend" app_id=order-processor instance=marcel-arm64 scope=dapr.runtime type=log ver=1.14.4
time="2024-10-11T16:20:06.977864815-07:00" level=info msg="Registering component for dapr workflow engine..." app_id=order-processor instance=marcel-arm64 scope=dapr.runtime type=log ver=1.14.4
time="2024-10-11T16:20:06.977906618-07:00" level=info msg="Initializing Dapr workflow component" app_id=order-processor component="dapr (workflow.dapr/v1)" instance=marcel-arm64 scope=dapr.contrib type=log ver=1.14.4
time="2024-10-11T16:20:06.97988488-07:00" level=info msg="Workflow engine initialized." app_id=order-processor instance=marcel-arm64 scope=dapr.runtime type=log ver=1.14.4
time="2024-10-11T16:20:06.982184869-07:00" level=info msg="app is subscribed to the following topics: [[orders]] through pubsub=orderpubsub" app_id=order-processor instance=marcel-arm64 scope=dapr.runtime.processor.subscription type=log ver=1.14.4
time="2024-10-11T16:20:06.984853988-07:00" level=info msg="dapr initialized. Status: Running. Init Elapsed 942ms" app_id=order-processor instance=marcel-arm64 scope=dapr.runtime type=log ver=1.14.4
time="2024-10-11T16:20:07.088962731-07:00" level=info msg="Placement tables updated, version: 0" app_id=order-processor instance=marcel-arm64 scope=dapr.runtime.actors.placement type=log ver=1.14.4
time="2024-10-11T16:20:53.779612309-07:00" level=info msg="Received signal 'interrupt'; beginning shutdown" app_id=order-processor instance=marcel-arm64 scope=dapr.signals type=log ver=1.14.4

termination signal received: shutting down
Exited Dapr successfully
Exited App successfully
