== APP - order-processor == text/plain
== APP - order-processor == text/plain
== APP - order-processor == Raw Data: [34 123 92 34 111 114 100 101 114 73 100 92 34 58 53 125 34]
== APP - order-processor == Raw Data: [34 123 92 34 111 114 100 101 114 73 100 92 34 58 49 125 34]
== APP - order-processor == Subscriber received: map[orderId:1]
== APP - order-processor == text/plain
== APP - order-processor == Raw Data: [34 123 92 34 111 114 100 101 114 73 100 92 34 58 55 125 34]
== APP - order-processor == Subscriber received: map[orderId:7]
== APP - order-processor == Subscriber received: map[orderId:5]
== APP - order-processor == text/plain
== APP - order-processor == Raw Data: [34 123 92 34 111 114 100 101 114 73 100 92 34 58 54 125 34]
== APP - order-processor == Subscriber received: map[orderId:6]
== APP - order-processor == text/plain
== APP - order-processor == Raw Data: [34 123 92 34 111 114 100 101 114 73 100 92 34 58 49 125 34]
== APP - order-processor == Subscriber received: map[orderId:1]
== APP - order-processor == text/plain
== APP - order-processor == Raw Data: [34 123 92 34 111 114 100 101 114 73 100 92 34 58 50 125 34]
== APP - order-processor == Subscriber received: map[orderId:2]
== APP - order-processor == text/plain
== APP - order-processor == Raw Data: [34 123 92 34 111 114 100 101 114 73 100 92 34 58 51 125 34]
== APP - order-processor == Subscriber received: map[orderId:3]
== APP - order-processor == text/plain
== APP - order-processor == Raw Data: [34 123 92 34 111 114 100 101 114 73 100 92 34 58 56 125 34]
== APP - order-processor == Subscriber received: map[orderId:8]
== APP - order-processor == text/plain
== APP - order-processor == Raw Data: [34 123 92 34 111 114 100 101 114 73 100 92 34 58 52 125 34]
== APP - order-processor == Subscriber received: map[orderId:4]
== APP - order-processor == text/plain
== APP - order-processor == Raw Data: [34 123 92 34 111 114 100 101 114 73 100 92 34 58 50 125 34]
== APP - order-processor == Subscriber received: map[orderId:2]
== APP - order-processor == text/plain
== APP - order-processor == Raw Data: [34 123 92 34 111 114 100 101 114 73 100 92 34 58 54 125 34]
== APP - order-processor == Subscriber received: map[orderId:6]
== APP - order-processor == text/plain
== APP - order-processor == Raw Data: [34 123 92 34 111 114 100 101 114 73 100 92 34 58 53 125 34]
== APP - order-processor == Subscriber received: map[orderId:5]
== APP - order-processor == text/plain
== APP - order-processor == Raw Data: [34 123 92 34 111 114 100 101 114 73 100 92 34 58 52 125 34]
== APP - order-processor == Subscriber received: map[orderId:4]
== APP - order-processor == text/plain
== APP - order-processor == Raw Data: [34 123 92 34 111 114 100 101 114 73 100 92 34 58 51 125 34]
== APP - order-processor == Subscriber received: map[orderId:3]
== APP - order-processor == text/plain
== APP - order-processor == Raw Data: [34 123 92 34 111 114 100 101 114 73 100 92 34 58 49 125 34]
== APP - order-processor == Subscriber received: map[orderId:1]
== APP - order-processor == text/plain
== APP - order-processor == Raw Data: [34 123 92 34 111 114 100 101 114 73 100 92 34 58 50 125 34]
== APP - order-processor == Subscriber received: map[orderId:2]
== APP - order-processor == text/plain
== APP - order-processor == Raw Data: [34 123 92 34 111 114 100 101 114 73 100 92 34 58 51 125 34]
== APP - order-processor == Subscriber received: map[orderId:3]
== APP - order-processor == text/plain
== APP - order-processor == Raw Data: [34 123 92 34 111 114 100 101 114 73 100 92 34 58 52 125 34]
== APP - order-processor == Subscriber received: map[orderId:4]
== APP - order-processor == text/plain
== APP - order-processor == Raw Data: [34 123 92 34 111 114 100 101 114 73 100 92 34 58 53 125 34]
== APP - order-processor == Subscriber received: map[orderId:5]
== APP - order-processor == text/plain
== APP - order-processor == Raw Data: [34 123 92 34 111 114 100 101 114 73 100 92 34 58 54 125 34]
== APP - order-processor == Subscriber received: map[orderId:6]
== APP - order-processor == text/plain
== APP - order-processor == Raw Data: [34 123 92 34 111 114 100 101 114 73 100 92 34 58 55 125 34]
== APP - order-processor == Subscriber received: map[orderId:7]
== APP - order-processor == text/plain
== APP - order-processor == Raw Data: [34 123 92 34 111 114 100 101 114 73 100 92 34 58 56 125 34]
== APP - order-processor == Subscriber received: map[orderId:8]
== APP - order-processor == text/plain
== APP - order-processor == Raw Data: [34 123 92 34 111 114 100 101 114 73 100 92 34 58 57 125 34]
== APP - order-processor == Subscriber received: map[orderId:9]
== APP - order-processor == text/plain
== APP - order-processor == Raw Data: [34 123 92 34 111 114 100 101 114 73 100 92 34 58 49 48 125 34]
== APP - order-processor == Subscriber received: map[orderId:10]

termination signal received: shutting down
