Starting Dapr with id order-processor. HTTP Port: 40199. gRPC Port: 46301
Updating metadata for cliPID: 67683
Flag --dapr-http-max-request-size has been deprecated, use '--max-body-size 4Mi'
Flag --dapr-http-read-buffer-size has been deprecated, use '--read-buffer-size 4Ki'
time="2024-10-11T16:04:09.365719761-07:00" level=info msg="Starting Dapr Runtime -- version 1.14.4 -- commit 583960dc90120616124b60ad2b7820fc0b3edf44" app_id=order-processor instance=marcel-arm64 scope=dapr.runtime type=log ver=1.14.4
time="2024-10-11T16:04:09.365746165-07:00" level=info msg="Log level set to: info" app_id=order-processor instance=marcel-arm64 scope=dapr.runtime type=log ver=1.14.4
time="2024-10-11T16:04:09.366063413-07:00" level=warning msg="mTLS is disabled. Skipping certificate request and tls validation" app_id=order-processor instance=marcel-arm64 scope=dapr.runtime.security type=log ver=1.14.4
time="2024-10-11T16:04:09.366762319-07:00" level=info msg="metric spec: {0x4000a84fed <nil> <nil> []}" app_id=order-processor instance=marcel-arm64 scope=dapr.runtime.diagnostics type=log ver=1.14.4
time="2024-10-11T16:04:09.366793723-07:00" level=info msg="Using default latency distribution buckets: [1 2 3 4 5 6 8 10 13 16 20 25 30 40 50 65 80 100 130 160 200 250 300 400 500 650 800 1000 2000 5000 10000 20000 50000 100000]" app_id=order-processor instance=marcel-arm64 scope=dapr.runtime.diagnostics type=log ver=1.14.4
time="2024-10-11T16:04:09.366928144-07:00" level=warning msg="The default value for 'spec.metric.http.increasedCardinality' will change to 'false' in Dapr 1.15 or later" app_id=order-processor instance=marcel-arm64 scope=dapr.runtime.diagnostics type=log ver=1.14.4
time="2024-10-11T16:04:09.367523634-07:00" level=info msg="standalone mode configured" app_id=order-processor instance=marcel-arm64 scope=dapr.runtime type=log ver=1.14.4
time="2024-10-11T16:04:09.367576442-07:00" level=info msg="app id: order-processor" app_id=order-processor instance=marcel-arm64 scope=dapr.runtime type=log ver=1.14.4
time="2024-10-11T16:04:09.367666655-07:00" level=info msg="metrics server started on :34833/" app_id=order-processor instance=marcel-arm64 scope=dapr.runtime type=log ver=1.14.4
time="2024-10-11T16:04:09.367674356-07:00" level=info msg="Dapr trace sampler initialized: ParentBased{root:AlwaysOnSampler,remoteParentSampled:AlwaysOnSampler,remoteParentNotSampled:AlwaysOffSampler,localParentSampled:AlwaysOnSampler,localParentNotSampled:AlwaysOffSampler}" app_id=order-processor instance=marcel-arm64 scope=dapr.runtime type=log ver=1.14.4
time="2024-10-11T16:04:09.368260745-07:00" level=info msg="local service entry announced: order-processor -> 192.168.242.25:41769" app_id=order-processor component="nr (mdns/v1)" instance=marcel-arm64 scope=dapr.contrib type=log ver=1.14.4
time="2024-10-11T16:04:09.368302151-07:00" level=info msg="Initialized name resolution to mdns" app_id=order-processor instance=marcel-arm64 scope=dapr.runtime type=log ver=1.14.4
time="2024-10-11T16:04:09.368362661-07:00" level=info msg="Loading components…" app_id=order-processor instance=marcel-arm64 scope=dapr.runtime type=log ver=1.14.4
time="2024-10-11T16:04:09.368876338-07:00" level=info msg="Waiting for all outstanding components to be processed…" app_id=order-processor instance=marcel-arm64 scope=dapr.runtime type=log ver=1.14.4
time="2024-10-11T16:04:09.371603251-07:00" level=info msg="Component loaded: orderpubsub (pubsub.redis/v1)" app_id=order-processor instance=marcel-arm64 scope=dapr.runtime.processor type=log ver=1.14.4
time="2024-10-11T16:04:09.371646557-07:00" level=info msg="All outstanding components processed" app_id=order-processor instance=marcel-arm64 scope=dapr.runtime type=log ver=1.14.4
time="2024-10-11T16:04:09.371676462-07:00" level=info msg="Loading endpoints…" app_id=order-processor instance=marcel-arm64 scope=dapr.runtime type=log ver=1.14.4
time="2024-10-11T16:04:09.371832785-07:00" level=info msg="Waiting for all outstanding http endpoints to be processed…" app_id=order-processor instance=marcel-arm64 scope=dapr.runtime type=log ver=1.14.4
time="2024-10-11T16:04:09.371895995-07:00" level=info msg="All outstanding http endpoints processed" app_id=order-processor instance=marcel-arm64 scope=dapr.runtime type=log ver=1.14.4
time="2024-10-11T16:04:09.371906296-07:00" level=info msg="Loading Declarative Subscriptions…" app_id=order-processor instance=marcel-arm64 scope=dapr.runtime type=log ver=1.14.4
time="2024-10-11T16:04:09.372164035-07:00" level=info msg="gRPC server listening on TCP address: :46301" app_id=order-processor instance=marcel-arm64 scope=dapr.runtime.grpc.api type=log ver=1.14.4
time="2024-10-11T16:04:09.372203741-07:00" level=info msg="Enabled gRPC tracing middleware" app_id=order-processor instance=marcel-arm64 scope=dapr.runtime.grpc.api type=log ver=1.14.4
time="2024-10-11T16:04:09.372209342-07:00" level=info msg="Enabled gRPC metrics middleware" app_id=order-processor instance=marcel-arm64 scope=dapr.runtime.grpc.api type=log ver=1.14.4
time="2024-10-11T16:04:09.372293755-07:00" level=info msg="Registering workflow engine for gRPC endpoint: [::]:46301" app_id=order-processor instance=marcel-arm64 scope=dapr.runtime.grpc.api type=log ver=1.14.4
time="2024-10-11T16:04:09.372349663-07:00" level=info msg="API gRPC server is running on port 46301" app_id=order-processor instance=marcel-arm64 scope=dapr.runtime type=log ver=1.14.4
time="2024-10-11T16:04:09.372381968-07:00" level=warning msg="The default value for 'spec.metric.http.increasedCardinality' will change to 'false' in Dapr 1.15 or later" app_id=order-processor instance=marcel-arm64 scope=dapr.runtime.http type=log ver=1.14.4
time="2024-10-11T16:04:09.372423475-07:00" level=info msg="Enabled max body size HTTP middleware with size 4194304 bytes" app_id=order-processor instance=marcel-arm64 scope=dapr.runtime.http type=log ver=1.14.4
time="2024-10-11T16:04:09.372433776-07:00" level=info msg="Enabled tracing HTTP middleware" app_id=order-processor instance=marcel-arm64 scope=dapr.runtime.http type=log ver=1.14.4
time="2024-10-11T16:04:09.372438877-07:00" level=info msg="Enabled metrics HTTP middleware" app_id=order-processor instance=marcel-arm64 scope=dapr.runtime.http type=log ver=1.14.4
time="2024-10-11T16:04:09.37265551-07:00" level=info msg="HTTP server listening on TCP address: :40199" app_id=order-processor instance=marcel-arm64 scope=dapr.runtime.http type=log ver=1.14.4
time="2024-10-11T16:04:09.372706317-07:00" level=info msg="HTTP server is running on port 40199" app_id=order-processor instance=marcel-arm64 scope=dapr.runtime type=log ver=1.14.4
time="2024-10-11T16:04:09.372712218-07:00" level=info msg="The request body size parameter is: 4194304 bytes" app_id=order-processor instance=marcel-arm64 scope=dapr.runtime type=log ver=1.14.4
time="2024-10-11T16:04:09.372728221-07:00" level=info msg="gRPC server listening on TCP address: :41769" app_id=order-processor instance=marcel-arm64 scope=dapr.runtime.grpc.internal type=log ver=1.14.4
time="2024-10-11T16:04:09.372736122-07:00" level=info msg="Enabled gRPC tracing middleware" app_id=order-processor instance=marcel-arm64 scope=dapr.runtime.grpc.internal type=log ver=1.14.4
time="2024-10-11T16:04:09.372741023-07:00" level=info msg="Enabled gRPC metrics middleware" app_id=order-processor instance=marcel-arm64 scope=dapr.runtime.grpc.internal type=log ver=1.14.4
time="2024-10-11T16:04:09.372765226-07:00" level=info msg="Internal gRPC server is running on :41769" app_id=order-processor instance=marcel-arm64 scope=dapr.runtime type=log ver=1.14.4
time="2024-10-11T16:04:09.372828036-07:00" level=info msg="application protocol: http. waiting on port 6005.  This will block until the app is listening on that port." app_id=order-processor instance=marcel-arm64 scope=dapr.runtime type=log ver=1.14.4
time="2024-10-11T16:04:09.776982454-07:00" level=info msg="application discovered on port 6005" app_id=order-processor instance=marcel-arm64 scope=dapr.runtime type=log ver=1.14.4
time="2024-10-11T16:04:09.779636355-07:00" level=info msg="Application configuration loaded" app_id=order-processor instance=marcel-arm64 scope=dapr.runtime type=log ver=1.14.4
time="2024-10-11T16:04:09.779767875-07:00" level=info msg="actors: state store is not configured - this is okay for clients but services with hosted actors will fail to initialize!" app_id=order-processor instance=marcel-arm64 scope=dapr.runtime type=log ver=1.14.4
time="2024-10-11T16:04:09.779938801-07:00" level=info msg="Configuring actors placement provider 'placement'. Configuration: 'placement:localhost:50005'" app_id=order-processor instance=marcel-arm64 scope=dapr.runtime.actor type=log ver=1.14.4
time="2024-10-11T16:04:09.779989409-07:00" level=info msg="Configuring actor reminders provider 'default'. Configuration: ''" app_id=order-processor instance=marcel-arm64 scope=dapr.runtime.actor type=log ver=1.14.4
time="2024-10-11T16:04:09.780118128-07:00" level=info msg="Actor runtime started. Idle timeout: 1h0m0s" app_id=order-processor instance=marcel-arm64 scope=dapr.runtime.actor type=log ver=1.14.4
time="2024-10-11T16:04:09.780152633-07:00" level=info msg="Configuring workflow engine with actors backend" app_id=order-processor instance=marcel-arm64 scope=dapr.runtime type=log ver=1.14.4
time="2024-10-11T16:04:09.780169536-07:00" level=info msg="Registering component for dapr workflow engine..." app_id=order-processor instance=marcel-arm64 scope=dapr.runtime type=log ver=1.14.4
time="2024-10-11T16:04:09.780201741-07:00" level=info msg="Initializing Dapr workflow component" app_id=order-processor component="dapr (workflow.dapr/v1)" instance=marcel-arm64 scope=dapr.contrib type=log ver=1.14.4
time="2024-10-11T16:04:09.780225744-07:00" level=info msg="Workflow engine initialized." app_id=order-processor instance=marcel-arm64 scope=dapr.runtime type=log ver=1.14.4
time="2024-10-11T16:04:09.781138282-07:00" level=info msg="app is subscribed to the following topics: [[orders]] through pubsub=orderpubsub" app_id=order-processor instance=marcel-arm64 scope=dapr.runtime.processor.subscription type=log ver=1.14.4
time="2024-10-11T16:04:09.783061273-07:00" level=info msg="dapr initialized. Status: Running. Init Elapsed 415ms" app_id=order-processor instance=marcel-arm64 scope=dapr.runtime type=log ver=1.14.4
time="2024-10-11T16:04:09.908646565-07:00" level=info msg="Placement tables updated, version: 0" app_id=order-processor instance=marcel-arm64 scope=dapr.runtime.actors.placement type=log ver=1.14.4
Updating metadata for app command: go run .
Updating metadata for appPID: 67711
You're up and running! Dapr logs will appear here.

time="2024-10-11T16:04:12.068093826-07:00" level=warning msg="DROP status returned from app while processing pub/sub event e8cbf124-59aa-45c1-9321-f611b8989c32" app_id=order-processor instance=marcel-arm64 scope=dapr.runtime.processor.pubsub.subscription type=log ver=1.14.4
time="2024-10-11T16:04:13.072832367-07:00" level=warning msg="DROP status returned from app while processing pub/sub event 710a7b54-aa7d-4b9c-a779-b9abdf90956b" app_id=order-processor instance=marcel-arm64 scope=dapr.runtime.processor.pubsub.subscription type=log ver=1.14.4
time="2024-10-11T16:04:14.101262691-07:00" level=warning msg="DROP status returned from app while processing pub/sub event 30c2d5a5-1f05-407e-ae4a-5c1b41bac0ca" app_id=order-processor instance=marcel-arm64 scope=dapr.runtime.processor.pubsub.subscription type=log ver=1.14.4
time="2024-10-11T16:04:15.084112922-07:00" level=warning msg="DROP status returned from app while processing pub/sub event 89d0f38c-d9d5-4ff3-81e1-207378ed9646" app_id=order-processor instance=marcel-arm64 scope=dapr.runtime.processor.pubsub.subscription type=log ver=1.14.4

termination signal received: shutting down
Exited Dapr successfully
Exited App successfully
