== APP - order-processor == 2024/10/11 15:42:17 http: panic serving 127.0.0.1:37420: interface conversion: interface {} is map[string]interface {}, not []uint8
== APP - order-processor == goroutine 34 [running]:
== APP - order-processor == net/http.(*conn).serve.func1()
== APP - order-processor == 	/usr/lib/golang/src/net/http/server.go:1903 +0xb0
== APP - order-processor == panic({0x56ae00?, 0x40002226f0?})
== APP - order-processor == 	/usr/lib/golang/src/runtime/panic.go:770 +0x124
== APP - order-processor == main.eventHandler({0x400025e000?, 0xc8?}, 0x4000274000)
== APP - order-processor == 	/home/marcel/dapr-examples/quickstarts/pub_sub/go/sdk/order-processor/app.go:49 +0x1bc
== APP - order-processor == github.com/dapr/go-sdk/service/http.(*Server).AddTopicEventHandler.func1({0x6f7b10, 0x400025e000}, 0x4000248480)
== APP - order-processor == 	/home/marcel/go/pkg/mod/github.com/dapr/go-sdk@v1.11.0/service/http/topic.go:303 +0x3c0
== APP - order-processor == net/http.HandlerFunc.ServeHTTP(0xff56202bff58?, {0x6f7b10?, 0x400025e000?}, 0x9dd7d168d?)
== APP - order-processor == 	/usr/lib/golang/src/net/http/server.go:2171 +0x38
== APP - order-processor == github.com/dapr/go-sdk/service/http.(*Server).AddTopicEventHandler.optionsHandler.func2({0x6f7b10?, 0x400025e000?}, 0x61a1bb?)
== APP - order-processor == 	/home/marcel/go/pkg/mod/github.com/dapr/go-sdk@v1.11.0/service/http/service.go:105 +0x88
== APP - order-processor == net/http.HandlerFunc.ServeHTTP(0x4000262000?, {0x6f7b10?, 0x400025e000?}, 0x4000250005?)
== APP - order-processor == 	/usr/lib/golang/src/net/http/server.go:2171 +0x38
== APP - order-processor == github.com/go-chi/chi/v5.(*Mux).routeHTTP(0x400004c8a0, {0x6f7b10, 0x400025e000}, 0x4000248480)
== APP - order-processor == 	/home/marcel/go/pkg/mod/github.com/go-chi/chi/v5@v5.1.0/mux.go:459 +0x288
== APP - order-processor == net/http.HandlerFunc.ServeHTTP(0x6f8880?, {0x6f7b10?, 0x400025e000?}, 0xac7280?)
== APP - order-processor == 	/usr/lib/golang/src/net/http/server.go:2171 +0x38
== APP - order-processor == github.com/go-chi/chi/v5.(*Mux).ServeHTTP(0x400004c8a0, {0x6f7b10, 0x400025e000}, 0x4000248360)
== APP - order-processor == 	/home/marcel/go/pkg/mod/github.com/go-chi/chi/v5@v5.1.0/mux.go:90 +0x280
== APP - order-processor == net/http.serverHandler.ServeHTTP({0x6f6228?}, {0x6f7b10?, 0x400025e000?}, 0x6?)
== APP - order-processor == 	/usr/lib/golang/src/net/http/server.go:3142 +0xbc
== APP - order-processor == net/http.(*conn).serve(0x4000226000, {0x6f8848, 0x40001bf890})
== APP - order-processor == 	/usr/lib/golang/src/net/http/server.go:2044 +0x508
== APP - order-processor == created by net/http.(*Server).Serve in goroutine 1
== APP - order-processor == 	/usr/lib/golang/src/net/http/server.go:3290 +0x3f0
== APP - order-processor == 2024/10/11 15:42:17 http: panic serving 127.0.0.1:37434: interface conversion: interface {} is map[string]interface {}, not []uint8
== APP - order-processor == goroutine 35 [running]:
== APP - order-processor == net/http.(*conn).serve.func1()
== APP - order-processor == 	/usr/lib/golang/src/net/http/server.go:1903 +0xb0
== APP - order-processor == panic({0x56ae00?, 0x40002a2180?})
== APP - order-processor == 	/usr/lib/golang/src/runtime/panic.go:770 +0x124
== APP - order-processor == main.eventHandler({0x40000dcc40?, 0xc8?}, 0x40000c6180)
== APP - order-processor == 	/home/marcel/dapr-examples/quickstarts/pub_sub/go/sdk/order-processor/app.go:49 +0x1bc
== APP - order-processor == github.com/dapr/go-sdk/service/http.(*Server).AddTopicEventHandler.func1({0x6f7b10, 0x40000dcc40}, 0x40001fd7a0)
== APP - order-processor == 	/home/marcel/go/pkg/mod/github.com/dapr/go-sdk@v1.11.0/service/http/topic.go:303 +0x3c0
== APP - order-processor == net/http.HandlerFunc.ServeHTTP(0xff56202f2848?, {0x6f7b10?, 0x40000dcc40?}, 0x9dd7d168d?)
== APP - order-processor == 	/usr/lib/golang/src/net/http/server.go:2171 +0x38
== APP - order-processor == github.com/dapr/go-sdk/service/http.(*Server).AddTopicEventHandler.optionsHandler.func2({0x6f7b10?, 0x40000dcc40?}, 0x61a1bb?)
== APP - order-processor == 	/home/marcel/go/pkg/mod/github.com/dapr/go-sdk@v1.11.0/service/http/service.go:105 +0x88
== APP - order-processor == net/http.HandlerFunc.ServeHTTP(0x40001fe1e0?, {0x6f7b10?, 0x40000dcc40?}, 0x400003697d?)
== APP - order-processor == 	/usr/lib/golang/src/net/http/server.go:2171 +0x38
== APP - order-processor == github.com/go-chi/chi/v5.(*Mux).routeHTTP(0x400004c8a0, {0x6f7b10, 0x40000dcc40}, 0x40001fd7a0)
== APP - order-processor == 	/home/marcel/go/pkg/mod/github.com/go-chi/chi/v5@v5.1.0/mux.go:459 +0x288
== APP - order-processor == net/http.HandlerFunc.ServeHTTP(0x6f8880?, {0x6f7b10?, 0x40000dcc40?}, 0xac7280?)
== APP - order-processor == 	/usr/lib/golang/src/net/http/server.go:2171 +0x38
== APP - order-processor == github.com/go-chi/chi/v5.(*Mux).ServeHTTP(0x400004c8a0, {0x6f7b10, 0x40000dcc40}, 0x40001fd680)
== APP - order-processor == 	/home/marcel/go/pkg/mod/github.com/go-chi/chi/v5@v5.1.0/mux.go:90 +0x280
== APP - order-processor == net/http.serverHandler.ServeHTTP({0x6f6228?}, {0x6f7b10?, 0x40000dcc40?}, 0x6?)
== APP - order-processor == 	/usr/lib/golang/src/net/http/server.go:3142 +0xbc
== APP - order-processor == net/http.(*conn).serve(0x4000226090, {0x6f8848, 0x40001bf890})
== APP - order-processor == 	/usr/lib/golang/src/net/http/server.go:2044 +0x508
== APP - order-processor == created by net/http.(*Server).Serve in goroutine 1
== APP - order-processor == 	/usr/lib/golang/src/net/http/server.go:3290 +0x3f0
== APP - order-processor == 2024/10/11 15:42:17 http: panic serving 127.0.0.1:37460: interface conversion: interface {} is map[string]interface {}, not []uint8
== APP - order-processor == goroutine 37 [running]:
== APP - order-processor == net/http.(*conn).serve.func1()
== APP - order-processor == 	/usr/lib/golang/src/net/http/server.go:1903 +0xb0
== APP - order-processor == panic({0x56ae00?, 0x40002a2330?})
== APP - order-processor == 	/usr/lib/golang/src/runtime/panic.go:770 +0x124
== APP - order-processor == main.eventHandler({0x40000dcd20?, 0xc8?}, 0x40000c6240)
== APP - order-processor == 	/home/marcel/dapr-examples/quickstarts/pub_sub/go/sdk/order-processor/app.go:49 +0x1bc
== APP - order-processor == github.com/dapr/go-sdk/service/http.(*Server).AddTopicEventHandler.func1({0x6f7b10, 0x40000dcd20}, 0x40001fd9e0)
== APP - order-processor == 	/home/marcel/go/pkg/mod/github.com/dapr/go-sdk@v1.11.0/service/http/topic.go:303 +0x3c0
== APP - order-processor == net/http.HandlerFunc.ServeHTTP(0xff56202f2848?, {0x6f7b10?, 0x40000dcd20?}, 0x9dd7d168d?)
== APP - order-processor == 	/usr/lib/golang/src/net/http/server.go:2171 +0x38
== APP - order-processor == github.com/dapr/go-sdk/service/http.(*Server).AddTopicEventHandler.optionsHandler.func2({0x6f7b10?, 0x40000dcd20?}, 0x61a1bb?)
== APP - order-processor == 	/home/marcel/go/pkg/mod/github.com/dapr/go-sdk@v1.11.0/service/http/service.go:105 +0x88
== APP - order-processor == net/http.HandlerFunc.ServeHTTP(0x40001fe2d0?, {0x6f7b10?, 0x40000dcd20?}, 0x40000369f5?)
== APP - order-processor == 	/usr/lib/golang/src/net/http/server.go:2171 +0x38
== APP - order-processor == github.com/go-chi/chi/v5.(*Mux).routeHTTP(0x400004c8a0, {0x6f7b10, 0x40000dcd20}, 0x40001fd9e0)
== APP - order-processor == 	/home/marcel/go/pkg/mod/github.com/go-chi/chi/v5@v5.1.0/mux.go:459 +0x288
== APP - order-processor == net/http.HandlerFunc.ServeHTTP(0x6f8880?, {0x6f7b10?, 0x40000dcd20?}, 0xac7280?)
== APP - order-processor == 	/usr/lib/golang/src/net/http/server.go:2171 +0x38
== APP - order-processor == github.com/go-chi/chi/v5.(*Mux).ServeHTTP(0x400004c8a0, {0x6f7b10, 0x40000dcd20}, 0x4000248120)
== APP - order-processor == 	/home/marcel/go/pkg/mod/github.com/go-chi/chi/v5@v5.1.0/mux.go:90 +0x280
== APP - order-processor == net/http.serverHandler.ServeHTTP({0x6f6228?}, {0x6f7b10?, 0x40000dcd20?}, 0x6?)
== APP - order-processor == 	/usr/lib/golang/src/net/http/server.go:3142 +0xbc
== APP - order-processor == net/http.(*conn).serve(0x40002261b0, {0x6f8848, 0x40001bf890})
== APP - order-processor == 	/usr/lib/golang/src/net/http/server.go:2044 +0x508
== APP - order-processor == created by net/http.(*Server).Serve in goroutine 1
== APP - order-processor == 	/usr/lib/golang/src/net/http/server.go:3290 +0x3f0
== APP - order-processor == 2024/10/11 15:42:17 http: panic serving 127.0.0.1:37474: interface conversion: interface {} is map[string]interface {}, not []uint8
== APP - order-processor == goroutine 39 [running]:
== APP - order-processor == net/http.(*conn).serve.func1()
== APP - order-processor == 	/usr/lib/golang/src/net/http/server.go:1903 +0xb0
== APP - order-processor == panic({0x56ae00?, 0x40002a24e0?})
== APP - order-processor == 	/usr/lib/golang/src/runtime/panic.go:770 +0x124
== APP - order-processor == main.eventHandler({0x40000dce00?, 0xc8?}, 0x40000c6300)
== APP - order-processor == 	/home/marcel/dapr-examples/quickstarts/pub_sub/go/sdk/order-processor/app.go:49 +0x1bc
== APP - order-processor == github.com/dapr/go-sdk/service/http.(*Server).AddTopicEventHandler.func1({0x6f7b10, 0x40000dce00}, 0x40001fdc20)
== APP - order-processor == 	/home/marcel/go/pkg/mod/github.com/dapr/go-sdk@v1.11.0/service/http/topic.go:303 +0x3c0
== APP - order-processor == net/http.HandlerFunc.ServeHTTP(0xff56202f2848?, {0x6f7b10?, 0x40000dce00?}, 0x9dd7d168d?)
== APP - order-processor == 	/usr/lib/golang/src/net/http/server.go:2171 +0x38
== APP - order-processor == github.com/dapr/go-sdk/service/http.(*Server).AddTopicEventHandler.optionsHandler.func2({0x6f7b10?, 0x40000dce00?}, 0x61a1bb?)
== APP - order-processor == 	/home/marcel/go/pkg/mod/github.com/dapr/go-sdk@v1.11.0/service/http/service.go:105 +0x88
== APP - order-processor == net/http.HandlerFunc.ServeHTTP(0x40001fe3c0?, {0x6f7b10?, 0x40000dce00?}, 0x4000036a6d?)
== APP - order-processor == 	/usr/lib/golang/src/net/http/server.go:2171 +0x38
== APP - order-processor == github.com/go-chi/chi/v5.(*Mux).routeHTTP(0x400004c8a0, {0x6f7b10, 0x40000dce00}, 0x40001fdc20)
== APP - order-processor == 	/home/marcel/go/pkg/mod/github.com/go-chi/chi/v5@v5.1.0/mux.go:459 +0x288
== APP - order-processor == net/http.HandlerFunc.ServeHTTP(0x6f8880?, {0x6f7b10?, 0x40000dce00?}, 0xac7280?)
== APP - order-processor == 	/usr/lib/golang/src/net/http/server.go:2171 +0x38
== APP - order-processor == github.com/go-chi/chi/v5.(*Mux).ServeHTTP(0x400004c8a0, {0x6f7b10, 0x40000dce00}, 0x4000248000)
== APP - order-processor == 	/home/marcel/go/pkg/mod/github.com/go-chi/chi/v5@v5.1.0/mux.go:90 +0x280
== APP - order-processor == net/http.serverHandler.ServeHTTP({0x6f6228?}, {0x6f7b10?, 0x40000dce00?}, 0x6?)
== APP - order-processor == 	/usr/lib/golang/src/net/http/server.go:3142 +0xbc
== APP - order-processor == net/http.(*conn).serve(0x40002262d0, {0x6f8848, 0x40001bf890})
== APP - order-processor == 	/usr/lib/golang/src/net/http/server.go:2044 +0x508
== APP - order-processor == created by net/http.(*Server).Serve in goroutine 1
== APP - order-processor == 	/usr/lib/golang/src/net/http/server.go:3290 +0x3f0
== APP - order-processor == 2024/10/11 15:42:17 http: panic serving 127.0.0.1:37454: interface conversion: interface {} is map[string]interface {}, not []uint8
== APP - order-processor == goroutine 36 [running]:
== APP - order-processor == net/http.(*conn).serve.func1()
== APP - order-processor == 	/usr/lib/golang/src/net/http/server.go:1903 +0xb0
== APP - order-processor == panic({0x56ae00?, 0x40001bfef0?})
== APP - order-processor == 	/usr/lib/golang/src/runtime/panic.go:770 +0x124
== APP - order-processor == main.eventHandler({0x40000dcb60?, 0xc8?}, 0x40000c60c0)
== APP - order-processor == 	/home/marcel/dapr-examples/quickstarts/pub_sub/go/sdk/order-processor/app.go:49 +0x1bc
== APP - order-processor == github.com/dapr/go-sdk/service/http.(*Server).AddTopicEventHandler.func1({0x6f7b10, 0x40000dcb60}, 0x40001fd320)
== APP - order-processor == 	/home/marcel/go/pkg/mod/github.com/dapr/go-sdk@v1.11.0/service/http/topic.go:303 +0x3c0
== APP - order-processor == net/http.HandlerFunc.ServeHTTP(0xff5667d99d88?, {0x6f7b10?, 0x40000dcb60?}, 0x9dd7d168d?)
== APP - order-processor == 	/usr/lib/golang/src/net/http/server.go:2171 +0x38
== APP - order-processor == github.com/dapr/go-sdk/service/http.(*Server).AddTopicEventHandler.optionsHandler.func2({0x6f7b10?, 0x40000dcb60?}, 0x40000d8820?)
== APP - order-processor == 	/home/marcel/go/pkg/mod/github.com/dapr/go-sdk@v1.11.0/service/http/service.go:105 +0x88
== APP - order-processor == net/http.HandlerFunc.ServeHTTP(0x40001fe0f0?, {0x6f7b10?, 0x40000dcb60?}, 0x40000368d5?)
== APP - order-processor == 	/usr/lib/golang/src/net/http/server.go:2171 +0x38
== APP - order-processor == github.com/go-chi/chi/v5.(*Mux).routeHTTP(0x400004c8a0, {0x6f7b10, 0x40000dcb60}, 0x40001fd320)
== APP - order-processor == 	/home/marcel/go/pkg/mod/github.com/go-chi/chi/v5@v5.1.0/mux.go:459 +0x288
== APP - order-processor == net/http.HandlerFunc.ServeHTTP(0x6f8880?, {0x6f7b10?, 0x40000dcb60?}, 0xac7280?)
== APP - order-processor == 	/usr/lib/golang/src/net/http/server.go:2171 +0x38
== APP - order-processor == github.com/go-chi/chi/v5.(*Mux).ServeHTTP(0x400004c8a0, {0x6f7b10, 0x40000dcb60}, 0x40001fd200)
== APP - order-processor == 	/home/marcel/go/pkg/mod/github.com/go-chi/chi/v5@v5.1.0/mux.go:90 +0x280
== APP - order-processor == net/http.serverHandler.ServeHTTP({0x6f6228?}, {0x6f7b10?, 0x40000dcb60?}, 0x6?)
== APP - order-processor == 	/usr/lib/golang/src/net/http/server.go:3142 +0xbc
== APP - order-processor == net/http.(*conn).serve(0x4000226120, {0x6f8848, 0x40001bf890})
== APP - order-processor == 	/usr/lib/golang/src/net/http/server.go:2044 +0x508
== APP - order-processor == created by net/http.(*Server).Serve in goroutine 1
== APP - order-processor == 	/usr/lib/golang/src/net/http/server.go:3290 +0x3f0
== APP - order-processor == 2024/10/11 15:42:17 http: panic serving 127.0.0.1:37418: interface conversion: interface {} is map[string]interface {}, not []uint8
== APP - order-processor == goroutine 18 [running]:
== APP - order-processor == net/http.(*conn).serve.func1()
== APP - order-processor == 	/usr/lib/golang/src/net/http/server.go:1903 +0xb0
== APP - order-processor == panic({0x56ae00?, 0x4000398150?})
== APP - order-processor == 	/usr/lib/golang/src/runtime/panic.go:770 +0x124
== APP - order-processor == main.eventHandler({0x40003a4000?, 0xc8?}, 0x40003b4000)
== APP - order-processor == 	/home/marcel/dapr-examples/quickstarts/pub_sub/go/sdk/order-processor/app.go:49 +0x1bc
== APP - order-processor == github.com/dapr/go-sdk/service/http.(*Server).AddTopicEventHandler.func1({0x6f7b10, 0x40003a4000}, 0x4000392120)
== APP - order-processor == 	/home/marcel/go/pkg/mod/github.com/dapr/go-sdk@v1.11.0/service/http/topic.go:303 +0x3c0
== APP - order-processor == net/http.HandlerFunc.ServeHTTP(0xff562022fdc8?, {0x6f7b10?, 0x40003a4000?}, 0x9dd7d168d?)
== APP - order-processor == 	/usr/lib/golang/src/net/http/server.go:2171 +0x38
== APP - order-processor == github.com/dapr/go-sdk/service/http.(*Server).AddTopicEventHandler.optionsHandler.func2({0x6f7b10?, 0x40003a4000?}, 0x61a1bb?)
== APP - order-processor == 	/home/marcel/go/pkg/mod/github.com/dapr/go-sdk@v1.11.0/service/http/service.go:105 +0x88
== APP - order-processor == net/http.HandlerFunc.ServeHTTP(0x40003a6000?, {0x6f7b10?, 0x40003a4000?}, 0x400038601d?)
== APP - order-processor == 	/usr/lib/golang/src/net/http/server.go:2171 +0x38
== APP - order-processor == github.com/go-chi/chi/v5.(*Mux).routeHTTP(0x400004c8a0, {0x6f7b10, 0x40003a4000}, 0x4000392120)
== APP - order-processor == 	/home/marcel/go/pkg/mod/github.com/go-chi/chi/v5@v5.1.0/mux.go:459 +0x288
== APP - order-processor == net/http.HandlerFunc.ServeHTTP(0x6f8880?, {0x6f7b10?, 0x40003a4000?}, 0xac7280?)
== APP - order-processor == 	/usr/lib/golang/src/net/http/server.go:2171 +0x38
== APP - order-processor == github.com/go-chi/chi/v5.(*Mux).ServeHTTP(0x400004c8a0, {0x6f7b10, 0x40003a4000}, 0x4000392000)
== APP - order-processor == 	/home/marcel/go/pkg/mod/github.com/go-chi/chi/v5@v5.1.0/mux.go:90 +0x280
== APP - order-processor == net/http.serverHandler.ServeHTTP({0x6f6228?}, {0x6f7b10?, 0x40003a4000?}, 0x6?)
== APP - order-processor == 	/usr/lib/golang/src/net/http/server.go:3142 +0xbc
== APP - order-processor == net/http.(*conn).serve(0x4000116000, {0x6f8848, 0x40001bf890})
== APP - order-processor == 	/usr/lib/golang/src/net/http/server.go:2044 +0x508
== APP - order-processor == created by net/http.(*Server).Serve in goroutine 1
== APP - order-processor == 	/usr/lib/golang/src/net/http/server.go:3290 +0x3f0
== APP - order-processor == 2024/10/11 15:42:17 http: panic serving 127.0.0.1:37444: interface conversion: interface {} is map[string]interface {}, not []uint8
== APP - order-processor == goroutine 50 [running]:
== APP - order-processor == net/http.(*conn).serve.func1()
== APP - order-processor == 	/usr/lib/golang/src/net/http/server.go:1903 +0xb0
== APP - order-processor == panic({0x56ae00?, 0x4000404240?})
== APP - order-processor == 	/usr/lib/golang/src/runtime/panic.go:770 +0x124
== APP - order-processor == main.eventHandler({0x4000426000?, 0xc8?}, 0x4000432000)
== APP - order-processor == 	/home/marcel/dapr-examples/quickstarts/pub_sub/go/sdk/order-processor/app.go:49 +0x1bc
== APP - order-processor == github.com/dapr/go-sdk/service/http.(*Server).AddTopicEventHandler.func1({0x6f7b10, 0x4000426000}, 0x4000414120)
== APP - order-processor == 	/home/marcel/go/pkg/mod/github.com/dapr/go-sdk@v1.11.0/service/http/topic.go:303 +0x3c0
== APP - order-processor == net/http.HandlerFunc.ServeHTTP(0xff5620232c08?, {0x6f7b10?, 0x4000426000?}, 0x9dd7d168d?)
== APP - order-processor == 	/usr/lib/golang/src/net/http/server.go:2171 +0x38
== APP - order-processor == github.com/dapr/go-sdk/service/http.(*Server).AddTopicEventHandler.optionsHandler.func2({0x6f7b10?, 0x4000426000?}, 0x61a1bb?)
== APP - order-processor == 	/home/marcel/go/pkg/mod/github.com/dapr/go-sdk@v1.11.0/service/http/service.go:105 +0x88
== APP - order-processor == net/http.HandlerFunc.ServeHTTP(0x400042a000?, {0x6f7b10?, 0x4000426000?}, 0x4000418005?)
== APP - order-processor == 	/usr/lib/golang/src/net/http/server.go:2171 +0x38
== APP - order-processor == github.com/go-chi/chi/v5.(*Mux).routeHTTP(0x400004c8a0, {0x6f7b10, 0x4000426000}, 0x4000414120)
== APP - order-processor == 	/home/marcel/go/pkg/mod/github.com/go-chi/chi/v5@v5.1.0/mux.go:459 +0x288
== APP - order-processor == net/http.HandlerFunc.ServeHTTP(0x6f8880?, {0x6f7b10?, 0x4000426000?}, 0xac7280?)
== APP - order-processor == 	/usr/lib/golang/src/net/http/server.go:2171 +0x38
== APP - order-processor == github.com/go-chi/chi/v5.(*Mux).ServeHTTP(0x400004c8a0, {0x6f7b10, 0x4000426000}, 0x4000414000)
== APP - order-processor == 	/home/marcel/go/pkg/mod/github.com/go-chi/chi/v5@v5.1.0/mux.go:90 +0x280
== APP - order-processor == net/http.serverHandler.ServeHTTP({0x6f6228?}, {0x6f7b10?, 0x4000426000?}, 0x6?)
== APP - order-processor == 	/usr/lib/golang/src/net/http/server.go:3142 +0xbc
== APP - order-processor == net/http.(*conn).serve(0x4000408000, {0x6f8848, 0x40001bf890})
== APP - order-processor == 	/usr/lib/golang/src/net/http/server.go:2044 +0x508
== APP - order-processor == created by net/http.(*Server).Serve in goroutine 1
== APP - order-processor == 	/usr/lib/golang/src/net/http/server.go:3290 +0x3f0
== APP - order-processor == 2024/10/11 15:42:17 http: panic serving 127.0.0.1:37472: interface conversion: interface {} is map[string]interface {}, not []uint8
== APP - order-processor == goroutine 38 [running]:
== APP - order-processor == net/http.(*conn).serve.func1()
== APP - order-processor == 	/usr/lib/golang/src/net/http/server.go:1903 +0xb0
== APP - order-processor == panic({0x56ae00?, 0x4000112750?})
== APP - order-processor == 	/usr/lib/golang/src/runtime/panic.go:770 +0x124
== APP - order-processor == main.eventHandler({0x40001300e0?, 0xc8?}, 0x4000164000)
== APP - order-processor == 	/home/marcel/dapr-examples/quickstarts/pub_sub/go/sdk/order-processor/app.go:49 +0x1bc
== APP - order-processor == github.com/dapr/go-sdk/service/http.(*Server).AddTopicEventHandler.func1({0x6f7b10, 0x40001300e0}, 0x40001266c0)
== APP - order-processor == 	/home/marcel/go/pkg/mod/github.com/dapr/go-sdk@v1.11.0/service/http/topic.go:303 +0x3c0
== APP - order-processor == net/http.HandlerFunc.ServeHTTP(0xff56202f0908?, {0x6f7b10?, 0x40001300e0?}, 0x9dd7d168d?)
== APP - order-processor == 	/usr/lib/golang/src/net/http/server.go:2171 +0x38
== APP - order-processor == github.com/dapr/go-sdk/service/http.(*Server).AddTopicEventHandler.optionsHandler.func2({0x6f7b10?, 0x40001300e0?}, 0x40000d8820?)
== APP - order-processor == 	/home/marcel/go/pkg/mod/github.com/dapr/go-sdk@v1.11.0/service/http/service.go:105 +0x88
== APP - order-processor == net/http.HandlerFunc.ServeHTTP(0x4000134000?, {0x6f7b10?, 0x40001300e0?}, 0x400012c04d?)
== APP - order-processor == 	/usr/lib/golang/src/net/http/server.go:2171 +0x38
== APP - order-processor == github.com/go-chi/chi/v5.(*Mux).routeHTTP(0x400004c8a0, {0x6f7b10, 0x40001300e0}, 0x40001266c0)
== APP - order-processor == 	/home/marcel/go/pkg/mod/github.com/go-chi/chi/v5@v5.1.0/mux.go:459 +0x288
== APP - order-processor == net/http.HandlerFunc.ServeHTTP(0x6f8880?, {0x6f7b10?, 0x40001300e0?}, 0xac7280?)
== APP - order-processor == 	/usr/lib/golang/src/net/http/server.go:2171 +0x38
== APP - order-processor == github.com/go-chi/chi/v5.(*Mux).ServeHTTP(0x400004c8a0, {0x6f7b10, 0x40001300e0}, 0x4000248240)
== APP - order-processor == 	/home/marcel/go/pkg/mod/github.com/go-chi/chi/v5@v5.1.0/mux.go:90 +0x280
== APP - order-processor == net/http.serverHandler.ServeHTTP({0x6f6228?}, {0x6f7b10?, 0x40001300e0?}, 0x6?)
== APP - order-processor == 	/usr/lib/golang/src/net/http/server.go:3142 +0xbc
== APP - order-processor == net/http.(*conn).serve(0x4000226240, {0x6f8848, 0x40001bf890})
== APP - order-processor == 	/usr/lib/golang/src/net/http/server.go:2044 +0x508
== APP - order-processor == created by net/http.(*Server).Serve in goroutine 1
== APP - order-processor == 	/usr/lib/golang/src/net/http/server.go:3290 +0x3f0
== APP - order-processor == 2024/10/11 15:42:19 http: panic serving 127.0.0.1:37484: interface conversion: interface {} is map[string]interface {}, not []uint8
== APP - order-processor == goroutine 52 [running]:
== APP - order-processor == net/http.(*conn).serve.func1()
== APP - order-processor == 	/usr/lib/golang/src/net/http/server.go:1903 +0xb0
== APP - order-processor == panic({0x56ae00?, 0x4000112900?})
== APP - order-processor == 	/usr/lib/golang/src/runtime/panic.go:770 +0x124
== APP - order-processor == main.eventHandler({0x40001301c0?, 0xc8?}, 0x40001640c0)
== APP - order-processor == 	/home/marcel/dapr-examples/quickstarts/pub_sub/go/sdk/order-processor/app.go:49 +0x1bc
== APP - order-processor == github.com/dapr/go-sdk/service/http.(*Server).AddTopicEventHandler.func1({0x6f7b10, 0x40001301c0}, 0x4000126900)
== APP - order-processor == 	/home/marcel/go/pkg/mod/github.com/dapr/go-sdk@v1.11.0/service/http/topic.go:303 +0x3c0
== APP - order-processor == net/http.HandlerFunc.ServeHTTP(0xff56202f0908?, {0x6f7b10?, 0x40001301c0?}, 0x9dd7d168d?)
== APP - order-processor == 	/usr/lib/golang/src/net/http/server.go:2171 +0x38
== APP - order-processor == github.com/dapr/go-sdk/service/http.(*Server).AddTopicEventHandler.optionsHandler.func2({0x6f7b10?, 0x40001301c0?}, 0x61a1bb?)
== APP - order-processor == 	/home/marcel/go/pkg/mod/github.com/dapr/go-sdk@v1.11.0/service/http/service.go:105 +0x88
== APP - order-processor == net/http.HandlerFunc.ServeHTTP(0x40001340f0?, {0x6f7b10?, 0x40001301c0?}, 0x400012c0dd?)
== APP - order-processor == 	/usr/lib/golang/src/net/http/server.go:2171 +0x38
== APP - order-processor == github.com/go-chi/chi/v5.(*Mux).routeHTTP(0x400004c8a0, {0x6f7b10, 0x40001301c0}, 0x4000126900)
== APP - order-processor == 	/home/marcel/go/pkg/mod/github.com/go-chi/chi/v5@v5.1.0/mux.go:459 +0x288
== APP - order-processor == net/http.HandlerFunc.ServeHTTP(0x6f8880?, {0x6f7b10?, 0x40001301c0?}, 0xac7280?)
== APP - order-processor == 	/usr/lib/golang/src/net/http/server.go:2171 +0x38
== APP - order-processor == github.com/go-chi/chi/v5.(*Mux).ServeHTTP(0x400004c8a0, {0x6f7b10, 0x40001301c0}, 0x40001fde60)
== APP - order-processor == 	/home/marcel/go/pkg/mod/github.com/go-chi/chi/v5@v5.1.0/mux.go:90 +0x280
== APP - order-processor == net/http.serverHandler.ServeHTTP({0x6f6228?}, {0x6f7b10?, 0x40001301c0?}, 0x6?)
== APP - order-processor == 	/usr/lib/golang/src/net/http/server.go:3142 +0xbc
== APP - order-processor == net/http.(*conn).serve(0x4000408360, {0x6f8848, 0x40001bf890})
== APP - order-processor == 	/usr/lib/golang/src/net/http/server.go:2044 +0x508
== APP - order-processor == created by net/http.(*Server).Serve in goroutine 1
== APP - order-processor == 	/usr/lib/golang/src/net/http/server.go:3290 +0x3f0
== APP - order-processor == 2024/10/11 15:42:20 http: panic serving 127.0.0.1:37486: interface conversion: interface {} is map[string]interface {}, not []uint8
== APP - order-processor == goroutine 22 [running]:
== APP - order-processor == net/http.(*conn).serve.func1()
== APP - order-processor == 	/usr/lib/golang/src/net/http/server.go:1903 +0xb0
== APP - order-processor == panic({0x56ae00?, 0x4000404480?})
== APP - order-processor == 	/usr/lib/golang/src/runtime/panic.go:770 +0x124
== APP - order-processor == main.eventHandler({0x40004260e0?, 0xc8?}, 0x40004320c0)
== APP - order-processor == 	/home/marcel/dapr-examples/quickstarts/pub_sub/go/sdk/order-processor/app.go:49 +0x1bc
== APP - order-processor == github.com/dapr/go-sdk/service/http.(*Server).AddTopicEventHandler.func1({0x6f7b10, 0x40004260e0}, 0x4000414360)
== APP - order-processor == 	/home/marcel/go/pkg/mod/github.com/dapr/go-sdk@v1.11.0/service/http/topic.go:303 +0x3c0
== APP - order-processor == net/http.HandlerFunc.ServeHTTP(0xff5620232c08?, {0x6f7b10?, 0x40004260e0?}, 0x9dd7d168d?)
== APP - order-processor == 	/usr/lib/golang/src/net/http/server.go:2171 +0x38
== APP - order-processor == github.com/dapr/go-sdk/service/http.(*Server).AddTopicEventHandler.optionsHandler.func2({0x6f7b10?, 0x40004260e0?}, 0x61a1bb?)
== APP - order-processor == 	/home/marcel/go/pkg/mod/github.com/dapr/go-sdk@v1.11.0/service/http/service.go:105 +0x88
== APP - order-processor == net/http.HandlerFunc.ServeHTTP(0x400042a0f0?, {0x6f7b10?, 0x40004260e0?}, 0x4000418095?)
== APP - order-processor == 	/usr/lib/golang/src/net/http/server.go:2171 +0x38
== APP - order-processor == github.com/go-chi/chi/v5.(*Mux).routeHTTP(0x400004c8a0, {0x6f7b10, 0x40004260e0}, 0x4000414360)
== APP - order-processor == 	/home/marcel/go/pkg/mod/github.com/go-chi/chi/v5@v5.1.0/mux.go:459 +0x288
== APP - order-processor == net/http.HandlerFunc.ServeHTTP(0x6f8880?, {0x6f7b10?, 0x40004260e0?}, 0xac7280?)
== APP - order-processor == 	/usr/lib/golang/src/net/http/server.go:2171 +0x38
== APP - order-processor == github.com/go-chi/chi/v5.(*Mux).ServeHTTP(0x400004c8a0, {0x6f7b10, 0x40004260e0}, 0x4000126b40)
== APP - order-processor == 	/home/marcel/go/pkg/mod/github.com/go-chi/chi/v5@v5.1.0/mux.go:90 +0x280
== APP - order-processor == net/http.serverHandler.ServeHTTP({0x6f6228?}, {0x6f7b10?, 0x40004260e0?}, 0x6?)
== APP - order-processor == 	/usr/lib/golang/src/net/http/server.go:3142 +0xbc
== APP - order-processor == net/http.(*conn).serve(0x4000116a20, {0x6f8848, 0x40001bf890})
== APP - order-processor == 	/usr/lib/golang/src/net/http/server.go:2044 +0x508
== APP - order-processor == created by net/http.(*Server).Serve in goroutine 1
== APP - order-processor == 	/usr/lib/golang/src/net/http/server.go:3290 +0x3f0
== APP - order-processor == 2024/10/11 15:42:21 http: panic serving 127.0.0.1:37496: interface conversion: interface {} is map[string]interface {}, not []uint8
== APP - order-processor == goroutine 23 [running]:
== APP - order-processor == net/http.(*conn).serve.func1()
== APP - order-processor == 	/usr/lib/golang/src/net/http/server.go:1903 +0xb0
== APP - order-processor == panic({0x56ae00?, 0x40002a2750?})
== APP - order-processor == 	/usr/lib/golang/src/runtime/panic.go:770 +0x124
== APP - order-processor == main.eventHandler({0x40000dcee0?, 0xc8?}, 0x40000c63c0)
== APP - order-processor == 	/home/marcel/dapr-examples/quickstarts/pub_sub/go/sdk/order-processor/app.go:49 +0x1bc
== APP - order-processor == github.com/dapr/go-sdk/service/http.(*Server).AddTopicEventHandler.func1({0x6f7b10, 0x40000dcee0}, 0x40002e2000)
== APP - order-processor == 	/home/marcel/go/pkg/mod/github.com/dapr/go-sdk@v1.11.0/service/http/topic.go:303 +0x3c0
== APP - order-processor == net/http.HandlerFunc.ServeHTTP(0xb4e180?, {0x6f7b10?, 0x40000dcee0?}, 0x37620?)
== APP - order-processor == 	/usr/lib/golang/src/net/http/server.go:2171 +0x38
== APP - order-processor == github.com/dapr/go-sdk/service/http.(*Server).AddTopicEventHandler.optionsHandler.func2({0x6f7b10?, 0x40000dcee0?}, 0x61a1bb?)
== APP - order-processor == 	/home/marcel/go/pkg/mod/github.com/dapr/go-sdk@v1.11.0/service/http/service.go:105 +0x88
== APP - order-processor == net/http.HandlerFunc.ServeHTTP(0x40001fe4b0?, {0x6f7b10?, 0x40000dcee0?}, 0x4000036ae5?)
== APP - order-processor == 	/usr/lib/golang/src/net/http/server.go:2171 +0x38
== APP - order-processor == github.com/go-chi/chi/v5.(*Mux).routeHTTP(0x400004c8a0, {0x6f7b10, 0x40000dcee0}, 0x40002e2000)
== APP - order-processor == 	/home/marcel/go/pkg/mod/github.com/go-chi/chi/v5@v5.1.0/mux.go:459 +0x288
== APP - order-processor == net/http.HandlerFunc.ServeHTTP(0x6f8880?, {0x6f7b10?, 0x40000dcee0?}, 0xac7280?)
== APP - order-processor == 	/usr/lib/golang/src/net/http/server.go:2171 +0x38
== APP - order-processor == github.com/go-chi/chi/v5.(*Mux).ServeHTTP(0x400004c8a0, {0x6f7b10, 0x40000dcee0}, 0x4000126c60)
== APP - order-processor == 	/home/marcel/go/pkg/mod/github.com/go-chi/chi/v5@v5.1.0/mux.go:90 +0x280
== APP - order-processor == net/http.serverHandler.ServeHTTP({0x6f6228?}, {0x6f7b10?, 0x40000dcee0?}, 0x6?)
== APP - order-processor == 	/usr/lib/golang/src/net/http/server.go:3142 +0xbc
== APP - order-processor == net/http.(*conn).serve(0x4000116ab0, {0x6f8848, 0x40001bf890})
== APP - order-processor == 	/usr/lib/golang/src/net/http/server.go:2044 +0x508
== APP - order-processor == created by net/http.(*Server).Serve in goroutine 1
== APP - order-processor == 	/usr/lib/golang/src/net/http/server.go:3290 +0x3f0
== APP - order-processor == 2024/10/11 15:42:22 http: panic serving 127.0.0.1:37498: interface conversion: interface {} is map[string]interface {}, not []uint8
== APP - order-processor == goroutine 54 [running]:
== APP - order-processor == net/http.(*conn).serve.func1()
== APP - order-processor == 	/usr/lib/golang/src/net/http/server.go:1903 +0xb0
== APP - order-processor == panic({0x56ae00?, 0x4000112c90?})
== APP - order-processor == 	/usr/lib/golang/src/runtime/panic.go:770 +0x124
== APP - order-processor == main.eventHandler({0x40001302a0?, 0xc8?}, 0x4000164180)
== APP - order-processor == 	/home/marcel/dapr-examples/quickstarts/pub_sub/go/sdk/order-processor/app.go:49 +0x1bc
== APP - order-processor == github.com/dapr/go-sdk/service/http.(*Server).AddTopicEventHandler.func1({0x6f7b10, 0x40001302a0}, 0x4000126d80)
== APP - order-processor == 	/home/marcel/go/pkg/mod/github.com/dapr/go-sdk@v1.11.0/service/http/topic.go:303 +0x3c0
== APP - order-processor == net/http.HandlerFunc.ServeHTTP(0xff56202f0908?, {0x6f7b10?, 0x40001302a0?}, 0x9dd7d168d?)
== APP - order-processor == 	/usr/lib/golang/src/net/http/server.go:2171 +0x38
== APP - order-processor == github.com/dapr/go-sdk/service/http.(*Server).AddTopicEventHandler.optionsHandler.func2({0x6f7b10?, 0x40001302a0?}, 0x61a1bb?)
== APP - order-processor == 	/home/marcel/go/pkg/mod/github.com/dapr/go-sdk@v1.11.0/service/http/service.go:105 +0x88
== APP - order-processor == net/http.HandlerFunc.ServeHTTP(0x40001341e0?, {0x6f7b10?, 0x40001302a0?}, 0x400012c155?)
== APP - order-processor == 	/usr/lib/golang/src/net/http/server.go:2171 +0x38
== APP - order-processor == github.com/go-chi/chi/v5.(*Mux).routeHTTP(0x400004c8a0, {0x6f7b10, 0x40001302a0}, 0x4000126d80)
== APP - order-processor == 	/home/marcel/go/pkg/mod/github.com/go-chi/chi/v5@v5.1.0/mux.go:459 +0x288
== APP - order-processor == net/http.HandlerFunc.ServeHTTP(0x6f8880?, {0x6f7b10?, 0x40001302a0?}, 0xac7280?)
== APP - order-processor == 	/usr/lib/golang/src/net/http/server.go:2171 +0x38
== APP - order-processor == github.com/go-chi/chi/v5.(*Mux).ServeHTTP(0x400004c8a0, {0x6f7b10, 0x40001302a0}, 0x40004145a0)
== APP - order-processor == 	/home/marcel/go/pkg/mod/github.com/go-chi/chi/v5@v5.1.0/mux.go:90 +0x280
== APP - order-processor == net/http.serverHandler.ServeHTTP({0x6f6228?}, {0x6f7b10?, 0x40001302a0?}, 0x6?)
== APP - order-processor == 	/usr/lib/golang/src/net/http/server.go:3142 +0xbc
== APP - order-processor == net/http.(*conn).serve(0x40004086c0, {0x6f8848, 0x40001bf890})
== APP - order-processor == 	/usr/lib/golang/src/net/http/server.go:2044 +0x508
== APP - order-processor == created by net/http.(*Server).Serve in goroutine 1
== APP - order-processor == 	/usr/lib/golang/src/net/http/server.go:3290 +0x3f0
== APP - order-processor == 2024/10/11 15:42:23 http: panic serving 127.0.0.1:35958: interface conversion: interface {} is map[string]interface {}, not []uint8
== APP - order-processor == goroutine 13 [running]:
== APP - order-processor == net/http.(*conn).serve.func1()
== APP - order-processor == 	/usr/lib/golang/src/net/http/server.go:1903 +0xb0
== APP - order-processor == panic({0x56ae00?, 0x40002a29c0?})
== APP - order-processor == 	/usr/lib/golang/src/runtime/panic.go:770 +0x124
== APP - order-processor == main.eventHandler({0x40000dcfc0?, 0xc8?}, 0x40000c6480)
== APP - order-processor == 	/home/marcel/dapr-examples/quickstarts/pub_sub/go/sdk/order-processor/app.go:49 +0x1bc
== APP - order-processor == github.com/dapr/go-sdk/service/http.(*Server).AddTopicEventHandler.func1({0x6f7b10, 0x40000dcfc0}, 0x40002e2360)
== APP - order-processor == 	/home/marcel/go/pkg/mod/github.com/dapr/go-sdk@v1.11.0/service/http/topic.go:303 +0x3c0
== APP - order-processor == net/http.HandlerFunc.ServeHTTP(0xff56202f2848?, {0x6f7b10?, 0x40000dcfc0?}, 0x9dd7d168d?)
== APP - order-processor == 	/usr/lib/golang/src/net/http/server.go:2171 +0x38
== APP - order-processor == github.com/dapr/go-sdk/service/http.(*Server).AddTopicEventHandler.optionsHandler.func2({0x6f7b10?, 0x40000dcfc0?}, 0x61a1bb?)
== APP - order-processor == 	/home/marcel/go/pkg/mod/github.com/dapr/go-sdk@v1.11.0/service/http/service.go:105 +0x88
== APP - order-processor == net/http.HandlerFunc.ServeHTTP(0x40001fe5a0?, {0x6f7b10?, 0x40000dcfc0?}, 0x4000036b5d?)
== APP - order-processor == 	/usr/lib/golang/src/net/http/server.go:2171 +0x38
== APP - order-processor == github.com/go-chi/chi/v5.(*Mux).routeHTTP(0x400004c8a0, {0x6f7b10, 0x40000dcfc0}, 0x40002e2360)
== APP - order-processor == 	/home/marcel/go/pkg/mod/github.com/go-chi/chi/v5@v5.1.0/mux.go:459 +0x288
== APP - order-processor == net/http.HandlerFunc.ServeHTTP(0x6f8880?, {0x6f7b10?, 0x40000dcfc0?}, 0xac7280?)
== APP - order-processor == 	/usr/lib/golang/src/net/http/server.go:2171 +0x38
== APP - order-processor == github.com/go-chi/chi/v5.(*Mux).ServeHTTP(0x400004c8a0, {0x6f7b10, 0x40000dcfc0}, 0x40002e2240)
== APP - order-processor == 	/home/marcel/go/pkg/mod/github.com/go-chi/chi/v5@v5.1.0/mux.go:90 +0x280
== APP - order-processor == net/http.serverHandler.ServeHTTP({0x6f6228?}, {0x6f7b10?, 0x40000dcfc0?}, 0x6?)
== APP - order-processor == 	/usr/lib/golang/src/net/http/server.go:3142 +0xbc
== APP - order-processor == net/http.(*conn).serve(0x40002e41b0, {0x6f8848, 0x40001bf890})
== APP - order-processor == 	/usr/lib/golang/src/net/http/server.go:2044 +0x508
== APP - order-processor == created by net/http.(*Server).Serve in goroutine 1
== APP - order-processor == 	/usr/lib/golang/src/net/http/server.go:3290 +0x3f0
== APP - order-processor == 2024/10/11 15:42:24 http: panic serving 127.0.0.1:35962: interface conversion: interface {} is map[string]interface {}, not []uint8
== APP - order-processor == goroutine 15 [running]:
== APP - order-processor == net/http.(*conn).serve.func1()
== APP - order-processor == 	/usr/lib/golang/src/net/http/server.go:1903 +0xb0
== APP - order-processor == panic({0x56ae00?, 0x40002a2c30?})
== APP - order-processor == 	/usr/lib/golang/src/runtime/panic.go:770 +0x124
== APP - order-processor == main.eventHandler({0x40000dd0a0?, 0xc8?}, 0x40000c6540)
== APP - order-processor == 	/home/marcel/dapr-examples/quickstarts/pub_sub/go/sdk/order-processor/app.go:49 +0x1bc
== APP - order-processor == github.com/dapr/go-sdk/service/http.(*Server).AddTopicEventHandler.func1({0x6f7b10, 0x40000dd0a0}, 0x40002e26c0)
== APP - order-processor == 	/home/marcel/go/pkg/mod/github.com/dapr/go-sdk@v1.11.0/service/http/topic.go:303 +0x3c0
== APP - order-processor == net/http.HandlerFunc.ServeHTTP(0xff56202f2848?, {0x6f7b10?, 0x40000dd0a0?}, 0x9dd7d168d?)
== APP - order-processor == 	/usr/lib/golang/src/net/http/server.go:2171 +0x38
== APP - order-processor == github.com/dapr/go-sdk/service/http.(*Server).AddTopicEventHandler.optionsHandler.func2({0x6f7b10?, 0x40000dd0a0?}, 0x61a1bb?)
== APP - order-processor == 	/home/marcel/go/pkg/mod/github.com/dapr/go-sdk@v1.11.0/service/http/service.go:105 +0x88
== APP - order-processor == net/http.HandlerFunc.ServeHTTP(0x40001fe690?, {0x6f7b10?, 0x40000dd0a0?}, 0x4000036bd5?)
== APP - order-processor == 	/usr/lib/golang/src/net/http/server.go:2171 +0x38
== APP - order-processor == github.com/go-chi/chi/v5.(*Mux).routeHTTP(0x400004c8a0, {0x6f7b10, 0x40000dd0a0}, 0x40002e26c0)
== APP - order-processor == 	/home/marcel/go/pkg/mod/github.com/go-chi/chi/v5@v5.1.0/mux.go:459 +0x288
== APP - order-processor == net/http.HandlerFunc.ServeHTTP(0x6f8880?, {0x6f7b10?, 0x40000dd0a0?}, 0xac7280?)
== APP - order-processor == 	/usr/lib/golang/src/net/http/server.go:2171 +0x38
== APP - order-processor == github.com/go-chi/chi/v5.(*Mux).ServeHTTP(0x400004c8a0, {0x6f7b10, 0x40000dd0a0}, 0x40002e25a0)
== APP - order-processor == 	/home/marcel/go/pkg/mod/github.com/go-chi/chi/v5@v5.1.0/mux.go:90 +0x280
== APP - order-processor == net/http.serverHandler.ServeHTTP({0x6f6228?}, {0x6f7b10?, 0x40000dd0a0?}, 0x6?)
== APP - order-processor == 	/usr/lib/golang/src/net/http/server.go:3142 +0xbc
== APP - order-processor == net/http.(*conn).serve(0x40002e4510, {0x6f8848, 0x40001bf890})
== APP - order-processor == 	/usr/lib/golang/src/net/http/server.go:2044 +0x508
== APP - order-processor == created by net/http.(*Server).Serve in goroutine 1
== APP - order-processor == 	/usr/lib/golang/src/net/http/server.go:3290 +0x3f0

termination signal received: shutting down
