Starting Dapr with id order-processor. HTTP Port: 34579. gRPC Port: 37453
Updating metadata for cliPID: 3596
Flag --dapr-http-max-request-size has been deprecated, use '--max-body-size 4Mi'
Flag --dapr-http-read-buffer-size has been deprecated, use '--read-buffer-size 4Ki'
time="2024-10-11T15:14:44.553370157-07:00" level=info msg="Starting Dapr Runtime -- version 1.14.4 -- commit 583960dc90120616124b60ad2b7820fc0b3edf44" app_id=order-processor instance=marcel-arm64 scope=dapr.runtime type=log ver=1.14.4
time="2024-10-11T15:14:44.55341766-07:00" level=info msg="Log level set to: info" app_id=order-processor instance=marcel-arm64 scope=dapr.runtime type=log ver=1.14.4
time="2024-10-11T15:14:44.55413721-07:00" level=warning msg="mTLS is disabled. Skipping certificate request and tls validation" app_id=order-processor instance=marcel-arm64 scope=dapr.runtime.security type=log ver=1.14.4
time="2024-10-11T15:14:44.555108176-07:00" level=info msg="metric spec: {0x40005f53fd <nil> <nil> []}" app_id=order-processor instance=marcel-arm64 scope=dapr.runtime.diagnostics type=log ver=1.14.4
time="2024-10-11T15:14:44.555159779-07:00" level=info msg="Using default latency distribution buckets: [1 2 3 4 5 6 8 10 13 16 20 25 30 40 50 65 80 100 130 160 200 250 300 400 500 650 800 1000 2000 5000 10000 20000 50000 100000]" app_id=order-processor instance=marcel-arm64 scope=dapr.runtime.diagnostics type=log ver=1.14.4
time="2024-10-11T15:14:44.555401296-07:00" level=warning msg="The default value for 'spec.metric.http.increasedCardinality' will change to 'false' in Dapr 1.15 or later" app_id=order-processor instance=marcel-arm64 scope=dapr.runtime.diagnostics type=log ver=1.14.4
time="2024-10-11T15:14:44.556306758-07:00" level=info msg="standalone mode configured" app_id=order-processor instance=marcel-arm64 scope=dapr.runtime type=log ver=1.14.4
time="2024-10-11T15:14:44.556423266-07:00" level=info msg="app id: order-processor" app_id=order-processor instance=marcel-arm64 scope=dapr.runtime type=log ver=1.14.4
time="2024-10-11T15:14:44.556527873-07:00" level=info msg="Dapr trace sampler initialized: ParentBased{root:AlwaysOnSampler,remoteParentSampled:AlwaysOnSampler,remoteParentNotSampled:AlwaysOffSampler,localParentSampled:AlwaysOnSampler,localParentNotSampled:AlwaysOffSampler}" app_id=order-processor instance=marcel-arm64 scope=dapr.runtime type=log ver=1.14.4
time="2024-10-11T15:14:44.556745988-07:00" level=info msg="metrics server started on :40201/" app_id=order-processor instance=marcel-arm64 scope=dapr.runtime type=log ver=1.14.4
time="2024-10-11T15:14:44.557328227-07:00" level=info msg="local service entry announced: order-processor -> 192.168.242.25:44767" app_id=order-processor component="nr (mdns/v1)" instance=marcel-arm64 scope=dapr.contrib type=log ver=1.14.4
time="2024-10-11T15:14:44.557354529-07:00" level=info msg="Initialized name resolution to mdns" app_id=order-processor instance=marcel-arm64 scope=dapr.runtime type=log ver=1.14.4
time="2024-10-11T15:14:44.55750994-07:00" level=info msg="Loading components…" app_id=order-processor instance=marcel-arm64 scope=dapr.runtime type=log ver=1.14.4
time="2024-10-11T15:14:44.558460204-07:00" level=info msg="Waiting for all outstanding components to be processed…" app_id=order-processor instance=marcel-arm64 scope=dapr.runtime type=log ver=1.14.4
time="2024-10-11T15:14:44.563365739-07:00" level=info msg="Component loaded: orderpubsub (pubsub.redis/v1)" app_id=order-processor instance=marcel-arm64 scope=dapr.runtime.processor type=log ver=1.14.4
time="2024-10-11T15:14:44.563428243-07:00" level=info msg="All outstanding components processed" app_id=order-processor instance=marcel-arm64 scope=dapr.runtime type=log ver=1.14.4
time="2024-10-11T15:14:44.563469446-07:00" level=info msg="Loading endpoints…" app_id=order-processor instance=marcel-arm64 scope=dapr.runtime type=log ver=1.14.4
time="2024-10-11T15:14:44.563783068-07:00" level=info msg="Waiting for all outstanding http endpoints to be processed…" app_id=order-processor instance=marcel-arm64 scope=dapr.runtime type=log ver=1.14.4
time="2024-10-11T15:14:44.56381987-07:00" level=info msg="All outstanding http endpoints processed" app_id=order-processor instance=marcel-arm64 scope=dapr.runtime type=log ver=1.14.4
time="2024-10-11T15:14:44.563836071-07:00" level=info msg="Loading Declarative Subscriptions…" app_id=order-processor instance=marcel-arm64 scope=dapr.runtime type=log ver=1.14.4
time="2024-10-11T15:14:44.5642579-07:00" level=info msg="gRPC server listening on TCP address: :37453" app_id=order-processor instance=marcel-arm64 scope=dapr.runtime.grpc.api type=log ver=1.14.4
time="2024-10-11T15:14:44.564281902-07:00" level=info msg="Enabled gRPC tracing middleware" app_id=order-processor instance=marcel-arm64 scope=dapr.runtime.grpc.api type=log ver=1.14.4
time="2024-10-11T15:14:44.564291902-07:00" level=info msg="Enabled gRPC metrics middleware" app_id=order-processor instance=marcel-arm64 scope=dapr.runtime.grpc.api type=log ver=1.14.4
time="2024-10-11T15:14:44.564420411-07:00" level=info msg="Registering workflow engine for gRPC endpoint: [::]:37453" app_id=order-processor instance=marcel-arm64 scope=dapr.runtime.grpc.api type=log ver=1.14.4
time="2024-10-11T15:14:44.564468514-07:00" level=info msg="API gRPC server is running on port 37453" app_id=order-processor instance=marcel-arm64 scope=dapr.runtime type=log ver=1.14.4
time="2024-10-11T15:14:44.564520318-07:00" level=warning msg="The default value for 'spec.metric.http.increasedCardinality' will change to 'false' in Dapr 1.15 or later" app_id=order-processor instance=marcel-arm64 scope=dapr.runtime.http type=log ver=1.14.4
time="2024-10-11T15:14:44.564584822-07:00" level=info msg="Enabled max body size HTTP middleware with size 4194304 bytes" app_id=order-processor instance=marcel-arm64 scope=dapr.runtime.http type=log ver=1.14.4
time="2024-10-11T15:14:44.564602023-07:00" level=info msg="Enabled tracing HTTP middleware" app_id=order-processor instance=marcel-arm64 scope=dapr.runtime.http type=log ver=1.14.4
time="2024-10-11T15:14:44.564635226-07:00" level=info msg="Enabled metrics HTTP middleware" app_id=order-processor instance=marcel-arm64 scope=dapr.runtime.http type=log ver=1.14.4
time="2024-10-11T15:14:44.565108358-07:00" level=info msg="HTTP server listening on TCP address: :34579" app_id=order-processor instance=marcel-arm64 scope=dapr.runtime.http type=log ver=1.14.4
time="2024-10-11T15:14:44.565179763-07:00" level=info msg="HTTP server is running on port 34579" app_id=order-processor instance=marcel-arm64 scope=dapr.runtime type=log ver=1.14.4
time="2024-10-11T15:14:44.565190264-07:00" level=info msg="The request body size parameter is: 4194304 bytes" app_id=order-processor instance=marcel-arm64 scope=dapr.runtime type=log ver=1.14.4
time="2024-10-11T15:14:44.565303171-07:00" level=info msg="gRPC server listening on TCP address: :44767" app_id=order-processor instance=marcel-arm64 scope=dapr.runtime.grpc.internal type=log ver=1.14.4
time="2024-10-11T15:14:44.565318772-07:00" level=info msg="Enabled gRPC tracing middleware" app_id=order-processor instance=marcel-arm64 scope=dapr.runtime.grpc.internal type=log ver=1.14.4
time="2024-10-11T15:14:44.565327373-07:00" level=info msg="Enabled gRPC metrics middleware" app_id=order-processor instance=marcel-arm64 scope=dapr.runtime.grpc.internal type=log ver=1.14.4
time="2024-10-11T15:14:44.565403078-07:00" level=info msg="Internal gRPC server is running on :44767" app_id=order-processor instance=marcel-arm64 scope=dapr.runtime type=log ver=1.14.4
time="2024-10-11T15:14:44.565538087-07:00" level=info msg="application protocol: http. waiting on port 6005.  This will block until the app is listening on that port." app_id=order-processor instance=marcel-arm64 scope=dapr.runtime type=log ver=1.14.4
Updating metadata for app command: go run .
Updating metadata for appPID: 3617
You're up and running! Dapr logs will appear here.

time="2024-10-11T15:14:45.376510211-07:00" level=info msg="application discovered on port 6005" app_id=order-processor instance=marcel-arm64 scope=dapr.runtime type=log ver=1.14.4
time="2024-10-11T15:14:45.379109388-07:00" level=info msg="Application configuration loaded" app_id=order-processor instance=marcel-arm64 scope=dapr.runtime type=log ver=1.14.4
time="2024-10-11T15:14:45.379238697-07:00" level=info msg="actors: state store is not configured - this is okay for clients but services with hosted actors will fail to initialize!" app_id=order-processor instance=marcel-arm64 scope=dapr.runtime type=log ver=1.14.4
time="2024-10-11T15:14:45.379306601-07:00" level=info msg="Configuring actors placement provider 'placement'. Configuration: 'placement:localhost:50005'" app_id=order-processor instance=marcel-arm64 scope=dapr.runtime.actor type=log ver=1.14.4
time="2024-10-11T15:14:45.379345704-07:00" level=info msg="Configuring actor reminders provider 'default'. Configuration: ''" app_id=order-processor instance=marcel-arm64 scope=dapr.runtime.actor type=log ver=1.14.4
time="2024-10-11T15:14:45.379442111-07:00" level=info msg="Actor runtime started. Idle timeout: 1h0m0s" app_id=order-processor instance=marcel-arm64 scope=dapr.runtime.actor type=log ver=1.14.4
time="2024-10-11T15:14:45.379462112-07:00" level=info msg="Configuring workflow engine with actors backend" app_id=order-processor instance=marcel-arm64 scope=dapr.runtime type=log ver=1.14.4
time="2024-10-11T15:14:45.379474013-07:00" level=info msg="Registering component for dapr workflow engine..." app_id=order-processor instance=marcel-arm64 scope=dapr.runtime type=log ver=1.14.4
time="2024-10-11T15:14:45.379500215-07:00" level=info msg="Initializing Dapr workflow component" app_id=order-processor component="dapr (workflow.dapr/v1)" instance=marcel-arm64 scope=dapr.contrib type=log ver=1.14.4
time="2024-10-11T15:14:45.379519316-07:00" level=info msg="Workflow engine initialized." app_id=order-processor instance=marcel-arm64 scope=dapr.runtime type=log ver=1.14.4
time="2024-10-11T15:14:45.38031727-07:00" level=info msg="app is subscribed to the following topics: [[orders]] through pubsub=orderpubsub" app_id=order-processor instance=marcel-arm64 scope=dapr.runtime.processor.subscription type=log ver=1.14.4
time="2024-10-11T15:14:45.381937281-07:00" level=info msg="dapr initialized. Status: Running. Init Elapsed 825ms" app_id=order-processor instance=marcel-arm64 scope=dapr.runtime type=log ver=1.14.4
time="2024-10-11T15:14:45.447026421-07:00" level=info msg="Placement tables updated, version: 0" app_id=order-processor instance=marcel-arm64 scope=dapr.runtime.actors.placement type=log ver=1.14.4
time="2024-10-11T15:15:07.164637965-07:00" level=info msg="Received signal 'interrupt'; beginning shutdown" app_id=order-processor instance=marcel-arm64 scope=dapr.signals type=log ver=1.14.4
time="2024-10-11T15:15:07.165663849-07:00" level=info msg="Dapr is shutting down" app_id=order-processor instance=marcel-arm64 scope=dapr.runtime type=log ver=1.14.4
time="2024-10-11T15:15:07.165750356-07:00" level=info msg="Shutting down component orderpubsub (pubsub.redis/v1)" app_id=order-processor instance=marcel-arm64 scope=dapr.runtime type=log ver=1.14.4
time="2024-10-11T15:15:07.166084483-07:00" level=info msg="Shutting down workflow engine" app_id=order-processor instance=marcel-arm64 scope=dapr.runtime type=log ver=1.14.4
time="2024-10-11T15:15:07.166145188-07:00" level=info msg="Shutting down actor" app_id=order-processor instance=marcel-arm64 scope=dapr.runtime type=log ver=1.14.4
time="2024-10-11T15:15:07.166241296-07:00" level=info msg="Dapr runtime stopped" app_id=order-processor instance=marcel-arm64 scope=dapr.runtime type=log ver=1.14.4
time="2024-10-11T15:15:07.166311002-07:00" level=info msg="Closing HTTP server [::]:34579…" app_id=order-processor instance=marcel-arm64 scope=dapr.runtime.http type=log ver=1.14.4
time="2024-10-11T15:15:07.166516419-07:00" level=info msg="stopping mDNS server for app id: order-processor" app_id=order-processor component="nr (mdns/v1)" instance=marcel-arm64 scope=dapr.contrib type=log ver=1.14.4
time="2024-10-11T15:15:07.166968256-07:00" level=info msg="Daprd shutdown gracefully" app_id=order-processor instance=marcel-arm64 scope=dapr.runtime type=log ver=1.14.4

termination signal received: shutting down
Exited Dapr successfully
Exited App successfully
