Starting Dapr with id order-processor. HTTP Port: 39067. gRPC Port: 45631
Updating metadata for cliPID: 59870
Flag --dapr-http-max-request-size has been deprecated, use '--max-body-size 4Mi'
Flag --dapr-http-read-buffer-size has been deprecated, use '--read-buffer-size 4Ki'
time="2024-10-11T15:51:38.722213159-07:00" level=info msg="Starting Dapr Runtime -- version 1.14.4 -- commit 583960dc90120616124b60ad2b7820fc0b3edf44" app_id=order-processor instance=marcel-arm64 scope=dapr.runtime type=log ver=1.14.4
time="2024-10-11T15:51:38.722454488-07:00" level=info msg="Log level set to: info" app_id=order-processor instance=marcel-arm64 scope=dapr.runtime type=log ver=1.14.4
time="2024-10-11T15:51:38.725135911-07:00" level=warning msg="mTLS is disabled. Skipping certificate request and tls validation" app_id=order-processor instance=marcel-arm64 scope=dapr.runtime.security type=log ver=1.14.4
time="2024-10-11T15:51:38.726739304-07:00" level=info msg="metric spec: {0x4000b5a19d <nil> <nil> []}" app_id=order-processor instance=marcel-arm64 scope=dapr.runtime.diagnostics type=log ver=1.14.4
time="2024-10-11T15:51:38.727072144-07:00" level=info msg="Using default latency distribution buckets: [1 2 3 4 5 6 8 10 13 16 20 25 30 40 50 65 80 100 130 160 200 250 300 400 500 650 800 1000 2000 5000 10000 20000 50000 100000]" app_id=order-processor instance=marcel-arm64 scope=dapr.runtime.diagnostics type=log ver=1.14.4
time="2024-10-11T15:51:38.727754226-07:00" level=warning msg="The default value for 'spec.metric.http.increasedCardinality' will change to 'false' in Dapr 1.15 or later" app_id=order-processor instance=marcel-arm64 scope=dapr.runtime.diagnostics type=log ver=1.14.4
time="2024-10-11T15:51:38.729031979-07:00" level=info msg="standalone mode configured" app_id=order-processor instance=marcel-arm64 scope=dapr.runtime type=log ver=1.14.4
time="2024-10-11T15:51:38.729160895-07:00" level=info msg="app id: order-processor" app_id=order-processor instance=marcel-arm64 scope=dapr.runtime type=log ver=1.14.4
time="2024-10-11T15:51:38.729374121-07:00" level=info msg="Dapr trace sampler initialized: ParentBased{root:AlwaysOnSampler,remoteParentSampled:AlwaysOnSampler,remoteParentNotSampled:AlwaysOffSampler,localParentSampled:AlwaysOnSampler,localParentNotSampled:AlwaysOffSampler}" app_id=order-processor instance=marcel-arm64 scope=dapr.runtime type=log ver=1.14.4
time="2024-10-11T15:51:38.729596647-07:00" level=info msg="metrics server started on :36431/" app_id=order-processor instance=marcel-arm64 scope=dapr.runtime type=log ver=1.14.4
time="2024-10-11T15:51:38.730429448-07:00" level=info msg="local service entry announced: order-processor -> 192.168.242.25:37039" app_id=order-processor component="nr (mdns/v1)" instance=marcel-arm64 scope=dapr.contrib type=log ver=1.14.4
time="2024-10-11T15:51:38.730523259-07:00" level=info msg="Initialized name resolution to mdns" app_id=order-processor instance=marcel-arm64 scope=dapr.runtime type=log ver=1.14.4
time="2024-10-11T15:51:38.730684678-07:00" level=info msg="Loading components…" app_id=order-processor instance=marcel-arm64 scope=dapr.runtime type=log ver=1.14.4
time="2024-10-11T15:51:38.732127852-07:00" level=info msg="Waiting for all outstanding components to be processed…" app_id=order-processor instance=marcel-arm64 scope=dapr.runtime type=log ver=1.14.4
time="2024-10-11T15:51:38.738726546-07:00" level=info msg="Component loaded: orderpubsub (pubsub.redis/v1)" app_id=order-processor instance=marcel-arm64 scope=dapr.runtime.processor type=log ver=1.14.4
time="2024-10-11T15:51:38.738818057-07:00" level=info msg="All outstanding components processed" app_id=order-processor instance=marcel-arm64 scope=dapr.runtime type=log ver=1.14.4
time="2024-10-11T15:51:38.738893466-07:00" level=info msg="Loading endpoints…" app_id=order-processor instance=marcel-arm64 scope=dapr.runtime type=log ver=1.14.4
time="2024-10-11T15:51:38.739256009-07:00" level=info msg="Waiting for all outstanding http endpoints to be processed…" app_id=order-processor instance=marcel-arm64 scope=dapr.runtime type=log ver=1.14.4
time="2024-10-11T15:51:38.739305315-07:00" level=info msg="All outstanding http endpoints processed" app_id=order-processor instance=marcel-arm64 scope=dapr.runtime type=log ver=1.14.4
time="2024-10-11T15:51:38.739326318-07:00" level=info msg="Loading Declarative Subscriptions…" app_id=order-processor instance=marcel-arm64 scope=dapr.runtime type=log ver=1.14.4
time="2024-10-11T15:51:38.739850281-07:00" level=info msg="gRPC server listening on TCP address: :45631" app_id=order-processor instance=marcel-arm64 scope=dapr.runtime.grpc.api type=log ver=1.14.4
time="2024-10-11T15:51:38.739881685-07:00" level=info msg="Enabled gRPC tracing middleware" app_id=order-processor instance=marcel-arm64 scope=dapr.runtime.grpc.api type=log ver=1.14.4
time="2024-10-11T15:51:38.739895186-07:00" level=info msg="Enabled gRPC metrics middleware" app_id=order-processor instance=marcel-arm64 scope=dapr.runtime.grpc.api type=log ver=1.14.4
time="2024-10-11T15:51:38.740047805-07:00" level=info msg="Registering workflow engine for gRPC endpoint: [::]:45631" app_id=order-processor instance=marcel-arm64 scope=dapr.runtime.grpc.api type=log ver=1.14.4
time="2024-10-11T15:51:38.740103711-07:00" level=info msg="API gRPC server is running on port 45631" app_id=order-processor instance=marcel-arm64 scope=dapr.runtime type=log ver=1.14.4
time="2024-10-11T15:51:38.740208324-07:00" level=warning msg="The default value for 'spec.metric.http.increasedCardinality' will change to 'false' in Dapr 1.15 or later" app_id=order-processor instance=marcel-arm64 scope=dapr.runtime.http type=log ver=1.14.4
time="2024-10-11T15:51:38.740292734-07:00" level=info msg="Enabled max body size HTTP middleware with size 4194304 bytes" app_id=order-processor instance=marcel-arm64 scope=dapr.runtime.http type=log ver=1.14.4
time="2024-10-11T15:51:38.740315037-07:00" level=info msg="Enabled tracing HTTP middleware" app_id=order-processor instance=marcel-arm64 scope=dapr.runtime.http type=log ver=1.14.4
time="2024-10-11T15:51:38.740327038-07:00" level=info msg="Enabled metrics HTTP middleware" app_id=order-processor instance=marcel-arm64 scope=dapr.runtime.http type=log ver=1.14.4
time="2024-10-11T15:51:38.740791294-07:00" level=info msg="HTTP server listening on TCP address: :39067" app_id=order-processor instance=marcel-arm64 scope=dapr.runtime.http type=log ver=1.14.4
time="2024-10-11T15:51:38.740833499-07:00" level=info msg="HTTP server is running on port 39067" app_id=order-processor instance=marcel-arm64 scope=dapr.runtime type=log ver=1.14.4
time="2024-10-11T15:51:38.740846801-07:00" level=info msg="The request body size parameter is: 4194304 bytes" app_id=order-processor instance=marcel-arm64 scope=dapr.runtime type=log ver=1.14.4
time="2024-10-11T15:51:38.740877704-07:00" level=info msg="gRPC server listening on TCP address: :37039" app_id=order-processor instance=marcel-arm64 scope=dapr.runtime.grpc.internal type=log ver=1.14.4
time="2024-10-11T15:51:38.740893806-07:00" level=info msg="Enabled gRPC tracing middleware" app_id=order-processor instance=marcel-arm64 scope=dapr.runtime.grpc.internal type=log ver=1.14.4
time="2024-10-11T15:51:38.740904808-07:00" level=info msg="Enabled gRPC metrics middleware" app_id=order-processor instance=marcel-arm64 scope=dapr.runtime.grpc.internal type=log ver=1.14.4
time="2024-10-11T15:51:38.740943912-07:00" level=info msg="Internal gRPC server is running on :37039" app_id=order-processor instance=marcel-arm64 scope=dapr.runtime type=log ver=1.14.4
time="2024-10-11T15:51:38.741082729-07:00" level=info msg="application protocol: http. waiting on port 6005.  This will block until the app is listening on that port." app_id=order-processor instance=marcel-arm64 scope=dapr.runtime type=log ver=1.14.4
Updating metadata for app command: go run .
Updating metadata for appPID: 59897
You're up and running! Dapr logs will appear here.

time="2024-10-11T15:51:39.855204151-07:00" level=info msg="application discovered on port 6005" app_id=order-processor instance=marcel-arm64 scope=dapr.runtime type=log ver=1.14.4
time="2024-10-11T15:51:39.858404936-07:00" level=info msg="Application configuration loaded" app_id=order-processor instance=marcel-arm64 scope=dapr.runtime type=log ver=1.14.4
time="2024-10-11T15:51:39.858631964-07:00" level=info msg="actors: state store is not configured - this is okay for clients but services with hosted actors will fail to initialize!" app_id=order-processor instance=marcel-arm64 scope=dapr.runtime type=log ver=1.14.4
time="2024-10-11T15:51:39.859087719-07:00" level=info msg="Configuring actors placement provider 'placement'. Configuration: 'placement:localhost:50005'" app_id=order-processor instance=marcel-arm64 scope=dapr.runtime.actor type=log ver=1.14.4
time="2024-10-11T15:51:39.859158427-07:00" level=info msg="Configuring actor reminders provider 'default'. Configuration: ''" app_id=order-processor instance=marcel-arm64 scope=dapr.runtime.actor type=log ver=1.14.4
time="2024-10-11T15:51:39.859258839-07:00" level=info msg="Actor runtime started. Idle timeout: 1h0m0s" app_id=order-processor instance=marcel-arm64 scope=dapr.runtime.actor type=log ver=1.14.4
time="2024-10-11T15:51:39.859287343-07:00" level=info msg="Configuring workflow engine with actors backend" app_id=order-processor instance=marcel-arm64 scope=dapr.runtime type=log ver=1.14.4
time="2024-10-11T15:51:39.859309745-07:00" level=info msg="Registering component for dapr workflow engine..." app_id=order-processor instance=marcel-arm64 scope=dapr.runtime type=log ver=1.14.4
time="2024-10-11T15:51:39.85934855-07:00" level=info msg="Initializing Dapr workflow component" app_id=order-processor component="dapr (workflow.dapr/v1)" instance=marcel-arm64 scope=dapr.contrib type=log ver=1.14.4
time="2024-10-11T15:51:39.859382054-07:00" level=info msg="Workflow engine initialized." app_id=order-processor instance=marcel-arm64 scope=dapr.runtime type=log ver=1.14.4
time="2024-10-11T15:51:39.8614282-07:00" level=info msg="app is subscribed to the following topics: [[orders]] through pubsub=orderpubsub" app_id=order-processor instance=marcel-arm64 scope=dapr.runtime.processor.subscription type=log ver=1.14.4
time="2024-10-11T15:51:39.868520053-07:00" level=info msg="dapr initialized. Status: Running. Init Elapsed 1139ms" app_id=order-processor instance=marcel-arm64 scope=dapr.runtime type=log ver=1.14.4
time="2024-10-11T15:51:39.914850526-07:00" level=info msg="Placement tables updated, version: 0" app_id=order-processor instance=marcel-arm64 scope=dapr.runtime.actors.placement type=log ver=1.14.4
time="2024-10-11T15:51:40.991553348-07:00" level=warning msg="DROP status returned from app while processing pub/sub event 91de048f-fef4-467a-9e6b-75232c4911ca" app_id=order-processor instance=marcel-arm64 scope=dapr.runtime.processor.pubsub.subscription type=log ver=1.14.4
time="2024-10-11T15:51:41.99962554-07:00" level=warning msg="DROP status returned from app while processing pub/sub event 5e5e1be4-d5fc-4317-9287-63196d7899ca" app_id=order-processor instance=marcel-arm64 scope=dapr.runtime.processor.pubsub.subscription type=log ver=1.14.4
time="2024-10-11T15:51:43.007990869-07:00" level=warning msg="DROP status returned from app while processing pub/sub event 0f880f6f-a739-4076-b8b3-f68a746c9eba" app_id=order-processor instance=marcel-arm64 scope=dapr.runtime.processor.pubsub.subscription type=log ver=1.14.4
time="2024-10-11T15:51:44.01498093-07:00" level=warning msg="DROP status returned from app while processing pub/sub event 1e957d0b-0b4d-4945-bedc-d0f8743a3c3f" app_id=order-processor instance=marcel-arm64 scope=dapr.runtime.processor.pubsub.subscription type=log ver=1.14.4
time="2024-10-11T15:51:45.021507835-07:00" level=warning msg="DROP status returned from app while processing pub/sub event 64660dfb-8609-454f-81d6-6de946a314e8" app_id=order-processor instance=marcel-arm64 scope=dapr.runtime.processor.pubsub.subscription type=log ver=1.14.4
time="2024-10-11T15:51:46.027641292-07:00" level=warning msg="DROP status returned from app while processing pub/sub event f8b79ee1-c100-418b-be21-4985e3f64a12" app_id=order-processor instance=marcel-arm64 scope=dapr.runtime.processor.pubsub.subscription type=log ver=1.14.4
time="2024-10-11T15:51:47.034789073-07:00" level=warning msg="DROP status returned from app while processing pub/sub event 15d28c6e-7547-4ea0-956e-36d328d5f20f" app_id=order-processor instance=marcel-arm64 scope=dapr.runtime.processor.pubsub.subscription type=log ver=1.14.4
time="2024-10-11T15:51:48.040732907-07:00" level=warning msg="DROP status returned from app while processing pub/sub event 62d87769-c564-4ee8-b6f3-50d8729e87f2" app_id=order-processor instance=marcel-arm64 scope=dapr.runtime.processor.pubsub.subscription type=log ver=1.14.4
time="2024-10-11T15:51:49.046779153-07:00" level=warning msg="DROP status returned from app while processing pub/sub event 089f48fd-46e7-46b0-8e97-a71de9ecfacf" app_id=order-processor instance=marcel-arm64 scope=dapr.runtime.processor.pubsub.subscription type=log ver=1.14.4
time="2024-10-11T15:51:50.055825003-07:00" level=warning msg="DROP status returned from app while processing pub/sub event aaeff779-7ea4-4dd9-b382-0e1749f4e1b0" app_id=order-processor instance=marcel-arm64 scope=dapr.runtime.processor.pubsub.subscription type=log ver=1.14.4
time="2024-10-11T15:52:30.761316797-07:00" level=info msg="Received signal 'interrupt'; beginning shutdown" app_id=order-processor instance=marcel-arm64 scope=dapr.signals type=log ver=1.14.4

termination signal received: shutting down
Exited Dapr successfully
Exited App successfully
