== APP - order-processor == application/json
== APP - order-processor == data: <nil>
== APP - order-processor == OrderId 1
== APP - order-processor == Subscriber received: map[orderId:1]
== APP - order-processor == application/json
== APP - order-processor == data: <nil>
== APP - order-processor == OrderId 2
== APP - order-processor == Subscriber received: map[orderId:2]
== APP - order-processor == application/json
== APP - order-processor == data: <nil>
== APP - order-processor == OrderId 3
== APP - order-processor == Subscriber received: map[orderId:3]
== APP - order-processor == application/json
== APP - order-processor == data: <nil>
== APP - order-processor == OrderId 4
== APP - order-processor == Subscriber received: map[orderId:4]
== APP - order-processor == application/json
== APP - order-processor == data: <nil>
== APP - order-processor == OrderId 5
== APP - order-processor == Subscriber received: map[orderId:5]
== APP - order-processor == application/json
== APP - order-processor == data: <nil>
== APP - order-processor == OrderId 6
== APP - order-processor == Subscriber received: map[orderId:6]
== APP - order-processor == application/json
== APP - order-processor == data: <nil>
== APP - order-processor == OrderId 7
== APP - order-processor == Subscriber received: map[orderId:7]
== APP - order-processor == application/json
== APP - order-processor == data: <nil>
== APP - order-processor == OrderId 8
== APP - order-processor == Subscriber received: map[orderId:8]
== APP - order-processor == application/json
== APP - order-processor == data: <nil>
== APP - order-processor == OrderId 9
== APP - order-processor == Subscriber received: map[orderId:9]
== APP - order-processor == application/json
== APP - order-processor == data: <nil>
== APP - order-processor == OrderId 10
== APP - order-processor == Subscriber received: map[orderId:10]
== APP - order-processor == signal: interrupt

termination signal received: shutting down
