== APP - order-processor == application/json
== APP - order-processor == Raw data: {"descr":"100 Led Bulbs","orderId":1}
== APP - order-processor == OrderId: 1
== APP - order-processor == Descr: 100 Led Bulbs
== APP - order-processor == Subscriber received: map[descr:100 Led Bulbs orderId:1]
== APP - order-processor == application/json
== APP - order-processor == Raw data: {"descr":"100 Led Bulbs","orderId":2}
== APP - order-processor == OrderId: 2
== APP - order-processor == Descr: 100 Led Bulbs
== APP - order-processor == Subscriber received: map[descr:100 Led Bulbs orderId:2]
== APP - order-processor == application/json
== APP - order-processor == Raw data: {"descr":"100 Led Bulbs","orderId":3}
== APP - order-processor == OrderId: 3
== APP - order-processor == Descr: 100 Led Bulbs
== APP - order-processor == Subscriber received: map[descr:100 Led Bulbs orderId:3]
== APP - order-processor == application/json
== APP - order-processor == Raw data: {"descr":"100 Led Bulbs","orderId":4}
== APP - order-processor == OrderId: 4
== APP - order-processor == Descr: 100 Led Bulbs
== APP - order-processor == Subscriber received: map[descr:100 Led Bulbs orderId:4]
== APP - order-processor == application/json
== APP - order-processor == Raw data: {"descr":"100 Led Bulbs","orderId":5}
== APP - order-processor == OrderId: 5
== APP - order-processor == Descr: 100 Led Bulbs
== APP - order-processor == Subscriber received: map[descr:100 Led Bulbs orderId:5]
== APP - order-processor == application/json
== APP - order-processor == Raw data: {"descr":"100 Led Bulbs","orderId":6}
== APP - order-processor == OrderId: 6
== APP - order-processor == Descr: 100 Led Bulbs
== APP - order-processor == Subscriber received: map[descr:100 Led Bulbs orderId:6]
== APP - order-processor == application/json
== APP - order-processor == Raw data: {"descr":"100 Led Bulbs","orderId":7}
== APP - order-processor == OrderId: 7
== APP - order-processor == Descr: 100 Led Bulbs
== APP - order-processor == Subscriber received: map[descr:100 Led Bulbs orderId:7]
== APP - order-processor == application/json
== APP - order-processor == Raw data: {"descr":"100 Led Bulbs","orderId":8}
== APP - order-processor == OrderId: 8
== APP - order-processor == Descr: 100 Led Bulbs
== APP - order-processor == Subscriber received: map[descr:100 Led Bulbs orderId:8]
== APP - order-processor == application/json
== APP - order-processor == Raw data: {"descr":"100 Led Bulbs","orderId":9}
== APP - order-processor == OrderId: 9
== APP - order-processor == Descr: 100 Led Bulbs
== APP - order-processor == Subscriber received: map[descr:100 Led Bulbs orderId:9]
== APP - order-processor == application/json
== APP - order-processor == Raw data: {"descr":"100 Led Bulbs","orderId":10}
== APP - order-processor == OrderId: 10
== APP - order-processor == Descr: 100 Led Bulbs
== APP - order-processor == Subscriber received: map[descr:100 Led Bulbs orderId:10]

termination signal received: shutting down
