Starting Dapr with id order-processor. HTTP Port: 40277. gRPC Port: 45205
Updating metadata for cliPID: 51965
Flag --dapr-http-max-request-size has been deprecated, use '--max-body-size 4Mi'
Flag --dapr-http-read-buffer-size has been deprecated, use '--read-buffer-size 4Ki'
time="2024-10-11T15:46:42.538235918-07:00" level=info msg="Starting Dapr Runtime -- version 1.14.4 -- commit 583960dc90120616124b60ad2b7820fc0b3edf44" app_id=order-processor instance=marcel-arm64 scope=dapr.runtime type=log ver=1.14.4
time="2024-10-11T15:46:42.538273623-07:00" level=info msg="Log level set to: info" app_id=order-processor instance=marcel-arm64 scope=dapr.runtime type=log ver=1.14.4
time="2024-10-11T15:46:42.539768606-07:00" level=warning msg="mTLS is disabled. Skipping certificate request and tls validation" app_id=order-processor instance=marcel-arm64 scope=dapr.runtime.security type=log ver=1.14.4
time="2024-10-11T15:46:42.541545223-07:00" level=info msg="metric spec: {0x4000d86119 <nil> <nil> []}" app_id=order-processor instance=marcel-arm64 scope=dapr.runtime.diagnostics type=log ver=1.14.4
time="2024-10-11T15:46:42.54159763-07:00" level=info msg="Using default latency distribution buckets: [1 2 3 4 5 6 8 10 13 16 20 25 30 40 50 65 80 100 130 160 200 250 300 400 500 650 800 1000 2000 5000 10000 20000 50000 100000]" app_id=order-processor instance=marcel-arm64 scope=dapr.runtime.diagnostics type=log ver=1.14.4
time="2024-10-11T15:46:42.54274197-07:00" level=warning msg="The default value for 'spec.metric.http.increasedCardinality' will change to 'false' in Dapr 1.15 or later" app_id=order-processor instance=marcel-arm64 scope=dapr.runtime.diagnostics type=log ver=1.14.4
time="2024-10-11T15:46:42.543871608-07:00" level=info msg="metrics server started on :43845/" app_id=order-processor instance=marcel-arm64 scope=dapr.runtime type=log ver=1.14.4
time="2024-10-11T15:46:42.544090735-07:00" level=info msg="standalone mode configured" app_id=order-processor instance=marcel-arm64 scope=dapr.runtime type=log ver=1.14.4
time="2024-10-11T15:46:42.544113638-07:00" level=info msg="app id: order-processor" app_id=order-processor instance=marcel-arm64 scope=dapr.runtime type=log ver=1.14.4
time="2024-10-11T15:46:42.544186847-07:00" level=info msg="Dapr trace sampler initialized: ParentBased{root:AlwaysOnSampler,remoteParentSampled:AlwaysOnSampler,remoteParentNotSampled:AlwaysOffSampler,localParentSampled:AlwaysOnSampler,localParentNotSampled:AlwaysOffSampler}" app_id=order-processor instance=marcel-arm64 scope=dapr.runtime type=log ver=1.14.4
time="2024-10-11T15:46:42.544600797-07:00" level=info msg="local service entry announced: order-processor -> 192.168.242.25:43091" app_id=order-processor component="nr (mdns/v1)" instance=marcel-arm64 scope=dapr.contrib type=log ver=1.14.4
time="2024-10-11T15:46:42.5446196-07:00" level=info msg="Initialized name resolution to mdns" app_id=order-processor instance=marcel-arm64 scope=dapr.runtime type=log ver=1.14.4
time="2024-10-11T15:46:42.544723112-07:00" level=info msg="Loading components…" app_id=order-processor instance=marcel-arm64 scope=dapr.runtime type=log ver=1.14.4
time="2024-10-11T15:46:42.545333887-07:00" level=info msg="Waiting for all outstanding components to be processed…" app_id=order-processor instance=marcel-arm64 scope=dapr.runtime type=log ver=1.14.4
time="2024-10-11T15:46:42.551431433-07:00" level=info msg="Component loaded: orderpubsub (pubsub.redis/v1)" app_id=order-processor instance=marcel-arm64 scope=dapr.runtime.processor type=log ver=1.14.4
time="2024-10-11T15:46:42.551499241-07:00" level=info msg="All outstanding components processed" app_id=order-processor instance=marcel-arm64 scope=dapr.runtime type=log ver=1.14.4
time="2024-10-11T15:46:42.551529345-07:00" level=info msg="Loading endpoints…" app_id=order-processor instance=marcel-arm64 scope=dapr.runtime type=log ver=1.14.4
time="2024-10-11T15:46:42.551909691-07:00" level=info msg="Waiting for all outstanding http endpoints to be processed…" app_id=order-processor instance=marcel-arm64 scope=dapr.runtime type=log ver=1.14.4
time="2024-10-11T15:46:42.551961698-07:00" level=info msg="All outstanding http endpoints processed" app_id=order-processor instance=marcel-arm64 scope=dapr.runtime type=log ver=1.14.4
time="2024-10-11T15:46:42.551974299-07:00" level=info msg="Loading Declarative Subscriptions…" app_id=order-processor instance=marcel-arm64 scope=dapr.runtime type=log ver=1.14.4
time="2024-10-11T15:46:42.552807701-07:00" level=info msg="gRPC server listening on TCP address: :45205" app_id=order-processor instance=marcel-arm64 scope=dapr.runtime.grpc.api type=log ver=1.14.4
time="2024-10-11T15:46:42.552832404-07:00" level=info msg="Enabled gRPC tracing middleware" app_id=order-processor instance=marcel-arm64 scope=dapr.runtime.grpc.api type=log ver=1.14.4
time="2024-10-11T15:46:42.552840405-07:00" level=info msg="Enabled gRPC metrics middleware" app_id=order-processor instance=marcel-arm64 scope=dapr.runtime.grpc.api type=log ver=1.14.4
time="2024-10-11T15:46:42.55304223-07:00" level=info msg="Registering workflow engine for gRPC endpoint: [::]:45205" app_id=order-processor instance=marcel-arm64 scope=dapr.runtime.grpc.api type=log ver=1.14.4
time="2024-10-11T15:46:42.553578096-07:00" level=info msg="API gRPC server is running on port 45205" app_id=order-processor instance=marcel-arm64 scope=dapr.runtime type=log ver=1.14.4
time="2024-10-11T15:46:42.553691709-07:00" level=warning msg="The default value for 'spec.metric.http.increasedCardinality' will change to 'false' in Dapr 1.15 or later" app_id=order-processor instance=marcel-arm64 scope=dapr.runtime.http type=log ver=1.14.4
time="2024-10-11T15:46:42.553893434-07:00" level=info msg="Enabled max body size HTTP middleware with size 4194304 bytes" app_id=order-processor instance=marcel-arm64 scope=dapr.runtime.http type=log ver=1.14.4
time="2024-10-11T15:46:42.553909636-07:00" level=info msg="Enabled tracing HTTP middleware" app_id=order-processor instance=marcel-arm64 scope=dapr.runtime.http type=log ver=1.14.4
time="2024-10-11T15:46:42.553917037-07:00" level=info msg="Enabled metrics HTTP middleware" app_id=order-processor instance=marcel-arm64 scope=dapr.runtime.http type=log ver=1.14.4
time="2024-10-11T15:46:42.555008571-07:00" level=info msg="HTTP server listening on TCP address: :40277" app_id=order-processor instance=marcel-arm64 scope=dapr.runtime.http type=log ver=1.14.4
time="2024-10-11T15:46:42.555090881-07:00" level=info msg="HTTP server is running on port 40277" app_id=order-processor instance=marcel-arm64 scope=dapr.runtime type=log ver=1.14.4
time="2024-10-11T15:46:42.555101582-07:00" level=info msg="The request body size parameter is: 4194304 bytes" app_id=order-processor instance=marcel-arm64 scope=dapr.runtime type=log ver=1.14.4
time="2024-10-11T15:46:42.555123685-07:00" level=info msg="gRPC server listening on TCP address: :43091" app_id=order-processor instance=marcel-arm64 scope=dapr.runtime.grpc.internal type=log ver=1.14.4
time="2024-10-11T15:46:42.555135286-07:00" level=info msg="Enabled gRPC tracing middleware" app_id=order-processor instance=marcel-arm64 scope=dapr.runtime.grpc.internal type=log ver=1.14.4
time="2024-10-11T15:46:42.555142087-07:00" level=info msg="Enabled gRPC metrics middleware" app_id=order-processor instance=marcel-arm64 scope=dapr.runtime.grpc.internal type=log ver=1.14.4
time="2024-10-11T15:46:42.555198794-07:00" level=info msg="Internal gRPC server is running on :43091" app_id=order-processor instance=marcel-arm64 scope=dapr.runtime type=log ver=1.14.4
time="2024-10-11T15:46:42.555295006-07:00" level=info msg="application protocol: http. waiting on port 6005.  This will block until the app is listening on that port." app_id=order-processor instance=marcel-arm64 scope=dapr.runtime type=log ver=1.14.4
Updating metadata for app command: go run .
Updating metadata for appPID: 51987
You're up and running! Dapr logs will appear here.

time="2024-10-11T15:46:43.566280397-07:00" level=info msg="application discovered on port 6005" app_id=order-processor instance=marcel-arm64 scope=dapr.runtime type=log ver=1.14.4
time="2024-10-11T15:46:43.567719673-07:00" level=info msg="Application configuration loaded" app_id=order-processor instance=marcel-arm64 scope=dapr.runtime type=log ver=1.14.4
time="2024-10-11T15:46:43.567784681-07:00" level=info msg="actors: state store is not configured - this is okay for clients but services with hosted actors will fail to initialize!" app_id=order-processor instance=marcel-arm64 scope=dapr.runtime type=log ver=1.14.4
time="2024-10-11T15:46:43.567817685-07:00" level=info msg="Configuring actors placement provider 'placement'. Configuration: 'placement:localhost:50005'" app_id=order-processor instance=marcel-arm64 scope=dapr.runtime.actor type=log ver=1.14.4
time="2024-10-11T15:46:43.567842288-07:00" level=info msg="Configuring actor reminders provider 'default'. Configuration: ''" app_id=order-processor instance=marcel-arm64 scope=dapr.runtime.actor type=log ver=1.14.4
time="2024-10-11T15:46:43.567871692-07:00" level=info msg="Actor runtime started. Idle timeout: 1h0m0s" app_id=order-processor instance=marcel-arm64 scope=dapr.runtime.actor type=log ver=1.14.4
time="2024-10-11T15:46:43.567880793-07:00" level=info msg="Configuring workflow engine with actors backend" app_id=order-processor instance=marcel-arm64 scope=dapr.runtime type=log ver=1.14.4
time="2024-10-11T15:46:43.567886194-07:00" level=info msg="Registering component for dapr workflow engine..." app_id=order-processor instance=marcel-arm64 scope=dapr.runtime type=log ver=1.14.4
time="2024-10-11T15:46:43.567899595-07:00" level=info msg="Initializing Dapr workflow component" app_id=order-processor component="dapr (workflow.dapr/v1)" instance=marcel-arm64 scope=dapr.contrib type=log ver=1.14.4
time="2024-10-11T15:46:43.567910597-07:00" level=info msg="Workflow engine initialized." app_id=order-processor instance=marcel-arm64 scope=dapr.runtime type=log ver=1.14.4
time="2024-10-11T15:46:43.568534073-07:00" level=info msg="app is subscribed to the following topics: [[orders]] through pubsub=orderpubsub" app_id=order-processor instance=marcel-arm64 scope=dapr.runtime.processor.subscription type=log ver=1.14.4
time="2024-10-11T15:46:43.569583801-07:00" level=info msg="dapr initialized. Status: Running. Init Elapsed 1025ms" app_id=order-processor instance=marcel-arm64 scope=dapr.runtime type=log ver=1.14.4
time="2024-10-11T15:46:43.638002372-07:00" level=info msg="Placement tables updated, version: 0" app_id=order-processor instance=marcel-arm64 scope=dapr.runtime.actors.placement type=log ver=1.14.4
time="2024-10-11T15:46:45.230580928-07:00" level=warning msg="DROP status returned from app while processing pub/sub event 66453852-dc88-405a-af5e-f99c4357ea47" app_id=order-processor instance=marcel-arm64 scope=dapr.runtime.processor.pubsub.subscription type=log ver=1.14.4
time="2024-10-11T15:46:46.237658376-07:00" level=warning msg="DROP status returned from app while processing pub/sub event 02dc40f6-3feb-40ef-8ec1-d3f34566f510" app_id=order-processor instance=marcel-arm64 scope=dapr.runtime.processor.pubsub.subscription type=log ver=1.14.4
time="2024-10-11T15:46:47.243384751-07:00" level=warning msg="DROP status returned from app while processing pub/sub event b5e9b222-d54a-4207-9af2-bde0522f114d" app_id=order-processor instance=marcel-arm64 scope=dapr.runtime.processor.pubsub.subscription type=log ver=1.14.4
time="2024-10-11T15:46:48.247435011-07:00" level=warning msg="DROP status returned from app while processing pub/sub event 69699a10-5944-4d47-978e-bedfc0c4c6d1" app_id=order-processor instance=marcel-arm64 scope=dapr.runtime.processor.pubsub.subscription type=log ver=1.14.4
time="2024-10-11T15:46:49.254296731-07:00" level=warning msg="DROP status returned from app while processing pub/sub event 8c757c49-66c2-41b7-bfbe-9f9e466fce82" app_id=order-processor instance=marcel-arm64 scope=dapr.runtime.processor.pubsub.subscription type=log ver=1.14.4
time="2024-10-11T15:46:50.260825308-07:00" level=warning msg="DROP status returned from app while processing pub/sub event 644cd5ba-7c73-443a-9bb7-723d517fc609" app_id=order-processor instance=marcel-arm64 scope=dapr.runtime.processor.pubsub.subscription type=log ver=1.14.4
time="2024-10-11T15:46:51.267915858-07:00" level=warning msg="DROP status returned from app while processing pub/sub event 4d358e6b-a9d3-4d59-81ed-9ac1f733dcf6" app_id=order-processor instance=marcel-arm64 scope=dapr.runtime.processor.pubsub.subscription type=log ver=1.14.4
time="2024-10-11T15:46:52.274624859-07:00" level=warning msg="DROP status returned from app while processing pub/sub event e64b09d8-ff73-433e-a5e3-a9662db52c58" app_id=order-processor instance=marcel-arm64 scope=dapr.runtime.processor.pubsub.subscription type=log ver=1.14.4
time="2024-10-11T15:46:53.277310731-07:00" level=warning msg="DROP status returned from app while processing pub/sub event dd8f7570-b21d-4411-a15e-f8aff6080f7f" app_id=order-processor instance=marcel-arm64 scope=dapr.runtime.processor.pubsub.subscription type=log ver=1.14.4
time="2024-10-11T15:46:54.285523579-07:00" level=warning msg="DROP status returned from app while processing pub/sub event 150cb8a0-c694-4324-b9c5-348938f23c8f" app_id=order-processor instance=marcel-arm64 scope=dapr.runtime.processor.pubsub.subscription type=log ver=1.14.4

termination signal received: shutting down
Exited Dapr successfully
Exited App successfully
