Starting Dapr with id order-processor. HTTP Port: 46739. gRPC Port: 43251
Updating metadata for cliPID: 19928
Flag --dapr-http-max-request-size has been deprecated, use '--max-body-size 4Mi'
Flag --dapr-http-read-buffer-size has been deprecated, use '--read-buffer-size 4Ki'
time="2024-10-11T15:25:07.535727291-07:00" level=info msg="Starting Dapr Runtime -- version 1.14.4 -- commit 583960dc90120616124b60ad2b7820fc0b3edf44" app_id=order-processor instance=marcel-arm64 scope=dapr.runtime type=log ver=1.14.4
time="2024-10-11T15:25:07.535843701-07:00" level=info msg="Log level set to: info" app_id=order-processor instance=marcel-arm64 scope=dapr.runtime type=log ver=1.14.4
time="2024-10-11T15:25:07.536612066-07:00" level=warning msg="mTLS is disabled. Skipping certificate request and tls validation" app_id=order-processor instance=marcel-arm64 scope=dapr.runtime.security type=log ver=1.14.4
time="2024-10-11T15:25:07.537866772-07:00" level=info msg="metric spec: {0x40006d653d <nil> <nil> []}" app_id=order-processor instance=marcel-arm64 scope=dapr.runtime.diagnostics type=log ver=1.14.4
time="2024-10-11T15:25:07.538051587-07:00" level=info msg="Using default latency distribution buckets: [1 2 3 4 5 6 8 10 13 16 20 25 30 40 50 65 80 100 130 160 200 250 300 400 500 650 800 1000 2000 5000 10000 20000 50000 100000]" app_id=order-processor instance=marcel-arm64 scope=dapr.runtime.diagnostics type=log ver=1.14.4
time="2024-10-11T15:25:07.53832431-07:00" level=warning msg="The default value for 'spec.metric.http.increasedCardinality' will change to 'false' in Dapr 1.15 or later" app_id=order-processor instance=marcel-arm64 scope=dapr.runtime.diagnostics type=log ver=1.14.4
time="2024-10-11T15:25:07.539933646-07:00" level=info msg="standalone mode configured" app_id=order-processor instance=marcel-arm64 scope=dapr.runtime type=log ver=1.14.4
time="2024-10-11T15:25:07.540052556-07:00" level=info msg="app id: order-processor" app_id=order-processor instance=marcel-arm64 scope=dapr.runtime type=log ver=1.14.4
time="2024-10-11T15:25:07.540522996-07:00" level=info msg="Dapr trace sampler initialized: ParentBased{root:AlwaysOnSampler,remoteParentSampled:AlwaysOnSampler,remoteParentNotSampled:AlwaysOffSampler,localParentSampled:AlwaysOnSampler,localParentNotSampled:AlwaysOffSampler}" app_id=order-processor instance=marcel-arm64 scope=dapr.runtime type=log ver=1.14.4
time="2024-10-11T15:25:07.540555899-07:00" level=info msg="metrics server started on :35927/" app_id=order-processor instance=marcel-arm64 scope=dapr.runtime type=log ver=1.14.4
time="2024-10-11T15:25:07.541685794-07:00" level=info msg="local service entry announced: order-processor -> 192.168.242.25:41695" app_id=order-processor component="nr (mdns/v1)" instance=marcel-arm64 scope=dapr.contrib type=log ver=1.14.4
time="2024-10-11T15:25:07.541784603-07:00" level=info msg="Initialized name resolution to mdns" app_id=order-processor instance=marcel-arm64 scope=dapr.runtime type=log ver=1.14.4
time="2024-10-11T15:25:07.546681616-07:00" level=info msg="Loading components…" app_id=order-processor instance=marcel-arm64 scope=dapr.runtime type=log ver=1.14.4
time="2024-10-11T15:25:07.549591862-07:00" level=info msg="Waiting for all outstanding components to be processed…" app_id=order-processor instance=marcel-arm64 scope=dapr.runtime type=log ver=1.14.4
time="2024-10-11T15:25:07.558006773-07:00" level=info msg="Component loaded: orderpubsub (pubsub.redis/v1)" app_id=order-processor instance=marcel-arm64 scope=dapr.runtime.processor type=log ver=1.14.4
time="2024-10-11T15:25:07.55808448-07:00" level=info msg="All outstanding components processed" app_id=order-processor instance=marcel-arm64 scope=dapr.runtime type=log ver=1.14.4
time="2024-10-11T15:25:07.558136484-07:00" level=info msg="Loading endpoints…" app_id=order-processor instance=marcel-arm64 scope=dapr.runtime type=log ver=1.14.4
time="2024-10-11T15:25:07.558569421-07:00" level=info msg="Waiting for all outstanding http endpoints to be processed…" app_id=order-processor instance=marcel-arm64 scope=dapr.runtime type=log ver=1.14.4
time="2024-10-11T15:25:07.558709133-07:00" level=info msg="All outstanding http endpoints processed" app_id=order-processor instance=marcel-arm64 scope=dapr.runtime type=log ver=1.14.4
time="2024-10-11T15:25:07.558764537-07:00" level=info msg="Loading Declarative Subscriptions…" app_id=order-processor instance=marcel-arm64 scope=dapr.runtime type=log ver=1.14.4
time="2024-10-11T15:25:07.559321684-07:00" level=info msg="gRPC server listening on TCP address: :43251" app_id=order-processor instance=marcel-arm64 scope=dapr.runtime.grpc.api type=log ver=1.14.4
time="2024-10-11T15:25:07.559353187-07:00" level=info msg="Enabled gRPC tracing middleware" app_id=order-processor instance=marcel-arm64 scope=dapr.runtime.grpc.api type=log ver=1.14.4
time="2024-10-11T15:25:07.559366888-07:00" level=info msg="Enabled gRPC metrics middleware" app_id=order-processor instance=marcel-arm64 scope=dapr.runtime.grpc.api type=log ver=1.14.4
time="2024-10-11T15:25:07.559562805-07:00" level=info msg="Registering workflow engine for gRPC endpoint: [::]:43251" app_id=order-processor instance=marcel-arm64 scope=dapr.runtime.grpc.api type=log ver=1.14.4
time="2024-10-11T15:25:07.559690316-07:00" level=info msg="API gRPC server is running on port 43251" app_id=order-processor instance=marcel-arm64 scope=dapr.runtime type=log ver=1.14.4
time="2024-10-11T15:25:07.559801725-07:00" level=warning msg="The default value for 'spec.metric.http.increasedCardinality' will change to 'false' in Dapr 1.15 or later" app_id=order-processor instance=marcel-arm64 scope=dapr.runtime.http type=log ver=1.14.4
time="2024-10-11T15:25:07.559945637-07:00" level=info msg="Enabled max body size HTTP middleware with size 4194304 bytes" app_id=order-processor instance=marcel-arm64 scope=dapr.runtime.http type=log ver=1.14.4
time="2024-10-11T15:25:07.559968439-07:00" level=info msg="Enabled tracing HTTP middleware" app_id=order-processor instance=marcel-arm64 scope=dapr.runtime.http type=log ver=1.14.4
time="2024-10-11T15:25:07.55998314-07:00" level=info msg="Enabled metrics HTTP middleware" app_id=order-processor instance=marcel-arm64 scope=dapr.runtime.http type=log ver=1.14.4
time="2024-10-11T15:25:07.560534787-07:00" level=info msg="HTTP server listening on TCP address: :46739" app_id=order-processor instance=marcel-arm64 scope=dapr.runtime.http type=log ver=1.14.4
time="2024-10-11T15:25:07.560748205-07:00" level=info msg="HTTP server is running on port 46739" app_id=order-processor instance=marcel-arm64 scope=dapr.runtime type=log ver=1.14.4
time="2024-10-11T15:25:07.560764706-07:00" level=info msg="The request body size parameter is: 4194304 bytes" app_id=order-processor instance=marcel-arm64 scope=dapr.runtime type=log ver=1.14.4
time="2024-10-11T15:25:07.560795109-07:00" level=info msg="gRPC server listening on TCP address: :41695" app_id=order-processor instance=marcel-arm64 scope=dapr.runtime.grpc.internal type=log ver=1.14.4
time="2024-10-11T15:25:07.56081291-07:00" level=info msg="Enabled gRPC tracing middleware" app_id=order-processor instance=marcel-arm64 scope=dapr.runtime.grpc.internal type=log ver=1.14.4
time="2024-10-11T15:25:07.560825712-07:00" level=info msg="Enabled gRPC metrics middleware" app_id=order-processor instance=marcel-arm64 scope=dapr.runtime.grpc.internal type=log ver=1.14.4
time="2024-10-11T15:25:07.560866915-07:00" level=info msg="Internal gRPC server is running on :41695" app_id=order-processor instance=marcel-arm64 scope=dapr.runtime type=log ver=1.14.4
time="2024-10-11T15:25:07.561074132-07:00" level=info msg="application protocol: http. waiting on port 6005.  This will block until the app is listening on that port." app_id=order-processor instance=marcel-arm64 scope=dapr.runtime type=log ver=1.14.4
Updating metadata for app command: go run .
Updating metadata for appPID: 19982
You're up and running! Dapr logs will appear here.

time="2024-10-11T15:25:08.366216456-07:00" level=info msg="application discovered on port 6005" app_id=order-processor instance=marcel-arm64 scope=dapr.runtime type=log ver=1.14.4
time="2024-10-11T15:25:08.368178522-07:00" level=info msg="Application configuration loaded" app_id=order-processor instance=marcel-arm64 scope=dapr.runtime type=log ver=1.14.4
time="2024-10-11T15:25:08.368286631-07:00" level=info msg="actors: state store is not configured - this is okay for clients but services with hosted actors will fail to initialize!" app_id=order-processor instance=marcel-arm64 scope=dapr.runtime type=log ver=1.14.4
time="2024-10-11T15:25:08.368410241-07:00" level=info msg="Configuring actors placement provider 'placement'. Configuration: 'placement:localhost:50005'" app_id=order-processor instance=marcel-arm64 scope=dapr.runtime.actor type=log ver=1.14.4
time="2024-10-11T15:25:08.368466946-07:00" level=info msg="Configuring actor reminders provider 'default'. Configuration: ''" app_id=order-processor instance=marcel-arm64 scope=dapr.runtime.actor type=log ver=1.14.4
time="2024-10-11T15:25:08.368598057-07:00" level=info msg="Actor runtime started. Idle timeout: 1h0m0s" app_id=order-processor instance=marcel-arm64 scope=dapr.runtime.actor type=log ver=1.14.4
time="2024-10-11T15:25:08.368620959-07:00" level=info msg="Configuring workflow engine with actors backend" app_id=order-processor instance=marcel-arm64 scope=dapr.runtime type=log ver=1.14.4
time="2024-10-11T15:25:08.368639461-07:00" level=info msg="Registering component for dapr workflow engine..." app_id=order-processor instance=marcel-arm64 scope=dapr.runtime type=log ver=1.14.4
time="2024-10-11T15:25:08.368671463-07:00" level=info msg="Initializing Dapr workflow component" app_id=order-processor component="dapr (workflow.dapr/v1)" instance=marcel-arm64 scope=dapr.contrib type=log ver=1.14.4
time="2024-10-11T15:25:08.368700066-07:00" level=info msg="Workflow engine initialized." app_id=order-processor instance=marcel-arm64 scope=dapr.runtime type=log ver=1.14.4
time="2024-10-11T15:25:08.370977358-07:00" level=info msg="app is subscribed to the following topics: [[orders]] through pubsub=orderpubsub" app_id=order-processor instance=marcel-arm64 scope=dapr.runtime.processor.subscription type=log ver=1.14.4
time="2024-10-11T15:25:08.373284153-07:00" level=info msg="dapr initialized. Status: Running. Init Elapsed 836ms" app_id=order-processor instance=marcel-arm64 scope=dapr.runtime type=log ver=1.14.4
time="2024-10-11T15:25:08.402569827-07:00" level=info msg="Placement tables updated, version: 0" app_id=order-processor instance=marcel-arm64 scope=dapr.runtime.actors.placement type=log ver=1.14.4
time="2024-10-11T15:25:09.755872975-07:00" level=warning msg="encountered a retriable error while publishing a subscribed message to topic orders, err: Post \"http://127.0.0.1:6005/orders\": EOF" app_id=order-processor instance=marcel-arm64 scope=dapr.runtime.processor.pubsub.subscription type=log ver=1.14.4
time="2024-10-11T15:25:09.755946081-07:00" level=error msg="Error processing Redis message 1728685509753-0: error returned from app channel while sending pub/sub event to app: retriable error occurred: Post \"http://127.0.0.1:6005/orders\": EOF" app_id=order-processor component="orderpubsub (pubsub.redis/v1)" instance=marcel-arm64 scope=dapr.contrib type=log ver=1.14.4
time="2024-10-11T15:25:10.77007907-07:00" level=warning msg="encountered a retriable error while publishing a subscribed message to topic orders, err: Post \"http://127.0.0.1:6005/orders\": EOF" app_id=order-processor instance=marcel-arm64 scope=dapr.runtime.processor.pubsub.subscription type=log ver=1.14.4
time="2024-10-11T15:25:10.770232183-07:00" level=error msg="Error processing Redis message 1728685510758-0: error returned from app channel while sending pub/sub event to app: retriable error occurred: Post \"http://127.0.0.1:6005/orders\": EOF" app_id=order-processor component="orderpubsub (pubsub.redis/v1)" instance=marcel-arm64 scope=dapr.contrib type=log ver=1.14.4
time="2024-10-11T15:25:11.777084157-07:00" level=warning msg="encountered a retriable error while publishing a subscribed message to topic orders, err: Post \"http://127.0.0.1:6005/orders\": EOF" app_id=order-processor instance=marcel-arm64 scope=dapr.runtime.processor.pubsub.subscription type=log ver=1.14.4
time="2024-10-11T15:25:11.777224469-07:00" level=error msg="Error processing Redis message 1728685511768-0: error returned from app channel while sending pub/sub event to app: retriable error occurred: Post \"http://127.0.0.1:6005/orders\": EOF" app_id=order-processor component="orderpubsub (pubsub.redis/v1)" instance=marcel-arm64 scope=dapr.contrib type=log ver=1.14.4
time="2024-10-11T15:25:12.781456063-07:00" level=warning msg="encountered a retriable error while publishing a subscribed message to topic orders, err: Post \"http://127.0.0.1:6005/orders\": EOF" app_id=order-processor instance=marcel-arm64 scope=dapr.runtime.processor.pubsub.subscription type=log ver=1.14.4
time="2024-10-11T15:25:12.781558471-07:00" level=error msg="Error processing Redis message 1728685512775-0: error returned from app channel while sending pub/sub event to app: retriable error occurred: Post \"http://127.0.0.1:6005/orders\": EOF" app_id=order-processor component="orderpubsub (pubsub.redis/v1)" instance=marcel-arm64 scope=dapr.contrib type=log ver=1.14.4
time="2024-10-11T15:25:13.787962993-07:00" level=warning msg="encountered a retriable error while publishing a subscribed message to topic orders, err: Post \"http://127.0.0.1:6005/orders\": EOF" app_id=order-processor instance=marcel-arm64 scope=dapr.runtime.processor.pubsub.subscription type=log ver=1.14.4
time="2024-10-11T15:25:13.788069802-07:00" level=error msg="Error processing Redis message 1728685513782-0: error returned from app channel while sending pub/sub event to app: retriable error occurred: Post \"http://127.0.0.1:6005/orders\": EOF" app_id=order-processor component="orderpubsub (pubsub.redis/v1)" instance=marcel-arm64 scope=dapr.contrib type=log ver=1.14.4
time="2024-10-11T15:25:14.794357715-07:00" level=warning msg="encountered a retriable error while publishing a subscribed message to topic orders, err: Post \"http://127.0.0.1:6005/orders\": EOF" app_id=order-processor instance=marcel-arm64 scope=dapr.runtime.processor.pubsub.subscription type=log ver=1.14.4
time="2024-10-11T15:25:14.794446222-07:00" level=error msg="Error processing Redis message 1728685514790-0: error returned from app channel while sending pub/sub event to app: retriable error occurred: Post \"http://127.0.0.1:6005/orders\": EOF" app_id=order-processor component="orderpubsub (pubsub.redis/v1)" instance=marcel-arm64 scope=dapr.contrib type=log ver=1.14.4
time="2024-10-11T15:25:15.802735704-07:00" level=warning msg="encountered a retriable error while publishing a subscribed message to topic orders, err: Post \"http://127.0.0.1:6005/orders\": EOF" app_id=order-processor instance=marcel-arm64 scope=dapr.runtime.processor.pubsub.subscription type=log ver=1.14.4
time="2024-10-11T15:25:15.802831812-07:00" level=error msg="Error processing Redis message 1728685515797-0: error returned from app channel while sending pub/sub event to app: retriable error occurred: Post \"http://127.0.0.1:6005/orders\": EOF" app_id=order-processor component="orderpubsub (pubsub.redis/v1)" instance=marcel-arm64 scope=dapr.contrib type=log ver=1.14.4
time="2024-10-11T15:25:16.809241035-07:00" level=warning msg="encountered a retriable error while publishing a subscribed message to topic orders, err: Post \"http://127.0.0.1:6005/orders\": EOF" app_id=order-processor instance=marcel-arm64 scope=dapr.runtime.processor.pubsub.subscription type=log ver=1.14.4
time="2024-10-11T15:25:16.809338143-07:00" level=error msg="Error processing Redis message 1728685516804-0: error returned from app channel while sending pub/sub event to app: retriable error occurred: Post \"http://127.0.0.1:6005/orders\": EOF" app_id=order-processor component="orderpubsub (pubsub.redis/v1)" instance=marcel-arm64 scope=dapr.contrib type=log ver=1.14.4
time="2024-10-11T15:25:17.506445043-07:00" level=info msg="Received signal 'interrupt'; beginning shutdown" app_id=order-processor instance=marcel-arm64 scope=dapr.signals type=log ver=1.14.4
time="2024-10-11T15:25:17.50735992-07:00" level=info msg="Dapr is shutting down" app_id=order-processor instance=marcel-arm64 scope=dapr.runtime type=log ver=1.14.4
time="2024-10-11T15:25:17.507510133-07:00" level=info msg="Shutting down component orderpubsub (pubsub.redis/v1)" app_id=order-processor instance=marcel-arm64 scope=dapr.runtime type=log ver=1.14.4
time="2024-10-11T15:25:17.507675647-07:00" level=info msg="Shutting down workflow engine" app_id=order-processor instance=marcel-arm64 scope=dapr.runtime type=log ver=1.14.4
time="2024-10-11T15:25:17.507726151-07:00" level=info msg="Shutting down actor" app_id=order-processor instance=marcel-arm64 scope=dapr.runtime type=log ver=1.14.4
time="2024-10-11T15:25:17.50783246-07:00" level=info msg="Dapr runtime stopped" app_id=order-processor instance=marcel-arm64 scope=dapr.runtime type=log ver=1.14.4
time="2024-10-11T15:25:17.507916668-07:00" level=info msg="Closing HTTP server [::]:46739…" app_id=order-processor instance=marcel-arm64 scope=dapr.runtime.http type=log ver=1.14.4
time="2024-10-11T15:25:17.508152488-07:00" level=info msg="stopping mDNS server for app id: order-processor" app_id=order-processor component="nr (mdns/v1)" instance=marcel-arm64 scope=dapr.contrib type=log ver=1.14.4
time="2024-10-11T15:25:17.508549021-07:00" level=info msg="Daprd shutdown gracefully" app_id=order-processor instance=marcel-arm64 scope=dapr.runtime type=log ver=1.14.4

termination signal received: shutting down
Exited Dapr successfully
Exited App successfully
